TN:
SF:src/action-executor.ts
FN:15,(anonymous_1)
FN:27,(anonymous_2)
FN:64,(anonymous_3)
FN:80,(anonymous_4)
FN:103,(anonymous_5)
FN:117,(anonymous_6)
FN:140,(anonymous_7)
FN:155,(anonymous_8)
FN:178,(anonymous_9)
FN:193,(anonymous_10)
FN:216,(anonymous_11)
FN:226,(anonymous_12)
FN:249,(anonymous_13)
FN:258,(anonymous_14)
FN:281,(anonymous_15)
FN:297,(anonymous_16)
FN:320,(anonymous_17)
FN:335,(anonymous_18)
FN:358,(anonymous_19)
FN:371,(anonymous_20)
FN:390,(anonymous_21)
FNF:21
FNH:0
FNDA:0,(anonymous_1)
FNDA:0,(anonymous_2)
FNDA:0,(anonymous_3)
FNDA:0,(anonymous_4)
FNDA:0,(anonymous_5)
FNDA:0,(anonymous_6)
FNDA:0,(anonymous_7)
FNDA:0,(anonymous_8)
FNDA:0,(anonymous_9)
FNDA:0,(anonymous_10)
FNDA:0,(anonymous_11)
FNDA:0,(anonymous_12)
FNDA:0,(anonymous_13)
FNDA:0,(anonymous_14)
FNDA:0,(anonymous_15)
FNDA:0,(anonymous_16)
FNDA:0,(anonymous_17)
FNDA:0,(anonymous_18)
FNDA:0,(anonymous_19)
FNDA:0,(anonymous_20)
FNDA:0,(anonymous_21)
DA:1,0
DA:2,0
DA:3,0
DA:11,0
DA:16,0
DA:17,0
DA:19,0
DA:20,0
DA:30,0
DA:31,0
DA:33,0
DA:35,0
DA:37,0
DA:39,0
DA:41,0
DA:43,0
DA:45,0
DA:47,0
DA:49,0
DA:51,0
DA:57,0
DA:65,0
DA:67,0
DA:80,0
DA:84,0
DA:85,0
DA:91,0
DA:104,0
DA:106,0
DA:117,0
DA:121,0
DA:122,0
DA:128,0
DA:141,0
DA:144,0
DA:148,0
DA:155,0
DA:159,0
DA:160,0
DA:166,0
DA:179,0
DA:182,0
DA:186,0
DA:193,0
DA:197,0
DA:198,0
DA:204,0
DA:217,0
DA:219,0
DA:226,0
DA:230,0
DA:231,0
DA:237,0
DA:250,0
DA:252,0
DA:258,0
DA:262,0
DA:263,0
DA:269,0
DA:282,0
DA:284,0
DA:297,0
DA:301,0
DA:302,0
DA:308,0
DA:321,0
DA:323,0
DA:335,0
DA:339,0
DA:340,0
DA:346,0
DA:361,0
DA:372,0
DA:373,0
DA:380,0
DA:391,0
DA:394,0
DA:397,0
DA:400,0
LF:79
LH:0
BRDA:16,0,0,0
BRDA:16,0,1,0
BRDA:17,1,0,0
BRDA:17,1,1,0
BRDA:19,2,0,0
BRDA:19,2,1,0
BRDA:31,3,0,0
BRDA:31,3,1,0
BRDA:31,3,2,0
BRDA:31,3,3,0
BRDA:31,3,4,0
BRDA:31,3,5,0
BRDA:31,3,6,0
BRDA:31,3,7,0
BRDA:31,3,8,0
BRDA:31,3,9,0
BRDA:72,4,0,0
BRDA:72,4,1,0
BRDA:84,5,0,0
BRDA:84,5,1,0
BRDA:84,6,0,0
BRDA:84,6,1,0
BRDA:93,7,0,0
BRDA:93,7,1,0
BRDA:121,8,0,0
BRDA:121,8,1,0
BRDA:121,9,0,0
BRDA:121,9,1,0
BRDA:130,10,0,0
BRDA:130,10,1,0
BRDA:144,11,0,0
BRDA:144,11,1,0
BRDA:159,12,0,0
BRDA:159,12,1,0
BRDA:159,13,0,0
BRDA:159,13,1,0
BRDA:168,14,0,0
BRDA:168,14,1,0
BRDA:182,15,0,0
BRDA:182,15,1,0
BRDA:197,16,0,0
BRDA:197,16,1,0
BRDA:197,17,0,0
BRDA:197,17,1,0
BRDA:206,18,0,0
BRDA:206,18,1,0
BRDA:230,19,0,0
BRDA:230,19,1,0
BRDA:230,20,0,0
BRDA:230,20,1,0
BRDA:239,21,0,0
BRDA:239,21,1,0
BRDA:262,22,0,0
BRDA:262,22,1,0
BRDA:262,23,0,0
BRDA:262,23,1,0
BRDA:271,24,0,0
BRDA:271,24,1,0
BRDA:301,25,0,0
BRDA:301,25,1,0
BRDA:301,26,0,0
BRDA:301,26,1,0
BRDA:310,27,0,0
BRDA:310,27,1,0
BRDA:339,28,0,0
BRDA:339,28,1,0
BRDA:339,29,0,0
BRDA:339,29,1,0
BRDA:348,30,0,0
BRDA:348,30,1,0
BRDA:372,31,0,0
BRDA:372,31,1,0
BRDA:375,32,0,0
BRDA:375,32,1,0
BRDA:391,33,0,0
BRDA:391,33,1,0
BRDA:394,34,0,0
BRDA:394,34,1,0
BRDA:394,35,0,0
BRDA:394,35,1,0
BRDA:397,36,0,0
BRDA:397,36,1,0
BRF:82
BRH:0
end_of_record
TN:
SF:src/circuit-breaker.ts
FN:21,(anonymous_0)
FN:29,(anonymous_1)
FN:38,(anonymous_2)
FN:46,(anonymous_3)
FN:53,(anonymous_4)
FN:58,(anonymous_5)
FNF:6
FNH:6
FNDA:9,(anonymous_0)
FNDA:1,(anonymous_1)
FNDA:24,(anonymous_2)
FNDA:7,(anonymous_3)
FNDA:1,(anonymous_4)
FNDA:5,(anonymous_5)
DA:15,1
DA:16,9
DA:17,9
DA:22,9
DA:23,9
DA:30,1
DA:31,1
DA:39,24
DA:40,24
DA:41,6
DA:42,6
DA:47,7
DA:54,1
DA:55,1
DA:59,5
LF:15
LH:15
BRDA:21,0,0,5
BRDA:22,1,0,9
BRDA:22,1,1,5
BRDA:40,2,0,6
BRDA:40,2,1,18
BRDA:40,3,0,24
BRDA:40,3,1,21
BRF:7
BRH:7
end_of_record
TN:
SF:src/condition-evaluator.ts
FN:34,(anonymous_1)
FN:44,(anonymous_2)
FN:67,(anonymous_3)
FN:71,(anonymous_4)
FN:75,(anonymous_5)
FN:77,(anonymous_6)
FN:88,(anonymous_7)
FN:159,(anonymous_8)
FN:183,(anonymous_9)
FN:208,(anonymous_10)
FN:235,(anonymous_11)
FN:251,(anonymous_12)
FN:290,(anonymous_13)
FN:330,(anonymous_14)
FN:377,(anonymous_15)
FN:423,(anonymous_16)
FN:480,(anonymous_17)
FN:487,(anonymous_18)
FN:542,(anonymous_19)
FN:593,(anonymous_20)
FNF:20
FNH:0
FNDA:0,(anonymous_1)
FNDA:0,(anonymous_2)
FNDA:0,(anonymous_3)
FNDA:0,(anonymous_4)
FNDA:0,(anonymous_5)
FNDA:0,(anonymous_6)
FNDA:0,(anonymous_7)
FNDA:0,(anonymous_8)
FNDA:0,(anonymous_9)
FNDA:0,(anonymous_10)
FNDA:0,(anonymous_11)
FNDA:0,(anonymous_12)
FNDA:0,(anonymous_13)
FNDA:0,(anonymous_14)
FNDA:0,(anonymous_15)
FNDA:0,(anonymous_16)
FNDA:0,(anonymous_17)
FNDA:0,(anonymous_18)
FNDA:0,(anonymous_19)
FNDA:0,(anonymous_20)
DA:1,0
DA:2,0
DA:3,0
DA:22,0
DA:30,0
DA:35,0
DA:37,0
DA:38,0
DA:47,0
DA:49,0
DA:50,0
DA:52,0
DA:53,0
DA:56,0
DA:57,0
DA:61,0
DA:71,0
DA:73,0
DA:75,0
DA:77,0
DA:79,0
DA:81,0
DA:91,0
DA:93,0
DA:94,0
DA:96,0
DA:97,0
DA:99,0
DA:100,0
DA:102,0
DA:105,0
DA:107,0
DA:110,0
DA:112,0
DA:115,0
DA:117,0
DA:120,0
DA:122,0
DA:125,0
DA:127,0
DA:128,0
DA:130,0
DA:133,0
DA:135,0
DA:136,0
DA:138,0
DA:148,0
DA:149,0
DA:150,0
DA:153,0
DA:160,0
DA:161,0
DA:162,0
DA:164,0
DA:186,0
DA:187,0
DA:188,0
DA:190,0
DA:211,0
DA:212,0
DA:213,0
DA:214,0
DA:216,0
DA:238,0
DA:240,0
DA:251,0
DA:257,0
DA:260,0
DA:262,0
DA:277,0
DA:293,0
DA:297,0
DA:298,0
DA:308,0
DA:309,0
DA:311,0
DA:333,0
DA:335,0
DA:344,0
DA:345,0
DA:346,0
DA:347,0
DA:349,0
DA:364,0
DA:380,0
DA:381,0
DA:390,0
DA:391,0
DA:392,0
DA:393,0
DA:395,0
DA:410,0
DA:426,0
DA:427,0
DA:436,0
DA:437,0
DA:438,0
DA:440,0
DA:441,0
DA:442,0
DA:445,0
DA:449,0
DA:467,0
DA:483,0
DA:484,0
DA:487,0
DA:490,0
DA:491,0
DA:494,0
DA:495,0
DA:496,0
DA:497,0
DA:503,0
DA:504,0
DA:505,0
DA:508,0
DA:509,0
DA:514,0
DA:529,0
DA:546,0
DA:555,0
DA:556,0
DA:567,0
DA:568,0
DA:569,0
DA:572,0
DA:574,0
DA:596,0
DA:597,0
DA:598,0
DA:600,0
DA:605,0
DA:606,0
DA:608,0
DA:620,0
LF:135
LH:0
BRDA:50,0,0,0
BRDA:50,0,1,0
BRDA:73,1,0,0
BRDA:73,1,1,0
BRDA:73,1,2,0
BRDA:73,1,3,0
BRDA:91,2,0,0
BRDA:91,2,1,0
BRDA:91,2,2,0
BRDA:91,2,3,0
BRDA:91,2,4,0
BRDA:91,2,5,0
BRDA:91,2,6,0
BRDA:91,2,7,0
BRDA:91,2,8,0
BRDA:91,2,9,0
BRDA:91,2,10,0
BRDA:91,2,11,0
BRDA:148,3,0,0
BRDA:148,3,1,0
BRDA:169,4,0,0
BRDA:169,4,1,0
BRDA:195,5,0,0
BRDA:195,5,1,0
BRDA:214,6,0,0
BRDA:214,6,1,0
BRDA:221,7,0,0
BRDA:221,7,1,0
BRDA:257,8,0,0
BRDA:257,8,1,0
BRDA:267,9,0,0
BRDA:267,9,1,0
BRDA:269,10,0,0
BRDA:269,10,1,0
BRDA:297,11,0,0
BRDA:297,11,1,0
BRDA:308,12,0,0
BRDA:308,12,1,0
BRDA:316,13,0,0
BRDA:316,13,1,0
BRDA:344,14,0,0
BRDA:344,14,1,0
BRDA:345,15,0,0
BRDA:345,15,1,0
BRDA:346,16,0,0
BRDA:346,16,1,0
BRDA:347,17,0,0
BRDA:347,17,1,0
BRDA:354,18,0,0
BRDA:354,18,1,0
BRDA:390,19,0,0
BRDA:390,19,1,0
BRDA:391,20,0,0
BRDA:391,20,1,0
BRDA:392,21,0,0
BRDA:392,21,1,0
BRDA:393,22,0,0
BRDA:393,22,1,0
BRDA:400,23,0,0
BRDA:400,23,1,0
BRDA:436,24,0,0
BRDA:436,24,1,0
BRDA:437,25,0,0
BRDA:437,25,1,0
BRDA:440,26,0,0
BRDA:440,26,1,0
BRDA:441,27,0,0
BRDA:441,27,1,0
BRDA:442,28,0,0
BRDA:442,28,1,0
BRDA:445,29,0,0
BRDA:445,29,1,0
BRDA:445,29,2,0
BRDA:454,30,0,0
BRDA:454,30,1,0
BRDA:494,31,0,0
BRDA:494,31,1,0
BRDA:496,32,0,0
BRDA:496,32,1,0
BRDA:498,33,0,0
BRDA:498,33,1,0
BRDA:503,34,0,0
BRDA:503,34,1,0
BRDA:508,35,0,0
BRDA:508,35,1,0
BRDA:510,36,0,0
BRDA:510,36,1,0
BRDA:519,37,0,0
BRDA:519,37,1,0
BRDA:555,38,0,0
BRDA:555,38,1,0
BRDA:572,39,0,0
BRDA:572,39,1,0
BRDA:579,40,0,0
BRDA:579,40,1,0
BRDA:597,41,0,0
BRDA:597,41,1,0
BRDA:605,42,0,0
BRDA:605,42,1,0
BRF:99
BRH:0
end_of_record
TN:
SF:src/config.ts
FN:185,getRateLimitsForAgent
FNF:1
FNH:1
FNDA:75,getRateLimitsForAgent
DA:1,6
DA:8,6
DA:86,6
DA:146,6
DA:154,6
DA:185,6
DA:189,75
LF:7
LH:7
BRDA:168,0,0,6
BRDA:168,0,1,6
BRDA:171,1,0,6
BRDA:171,1,1,6
BRDA:175,2,0,6
BRDA:175,2,1,6
BRDA:178,3,0,6
BRDA:178,3,1,6
BRDA:189,4,0,2
BRDA:189,4,1,73
BRF:10
BRH:10
end_of_record
TN:
SF:src/database.ts
FN:27,(anonymous_1)
FN:44,(anonymous_2)
FN:128,(anonymous_3)
FN:166,(anonymous_4)
FN:177,(anonymous_5)
FN:196,(anonymous_6)
FN:208,(anonymous_7)
FN:214,(anonymous_8)
FN:229,(anonymous_9)
FN:235,(anonymous_10)
FN:267,(anonymous_11)
FN:279,(anonymous_12)
FN:291,(anonymous_13)
FN:305,(anonymous_14)
FN:322,(anonymous_15)
FN:334,(anonymous_16)
FN:368,(anonymous_17)
FN:395,(anonymous_18)
FN:406,(anonymous_19)
FN:421,(anonymous_20)
FN:439,(anonymous_21)
FN:464,(anonymous_22)
FN:473,(anonymous_23)
FN:486,(anonymous_24)
FN:496,(anonymous_25)
FN:533,(anonymous_26)
FN:574,(anonymous_27)
FN:588,(anonymous_28)
FN:603,(anonymous_29)
FN:614,(anonymous_30)
FN:621,(anonymous_31)
FNF:31
FNH:29
FNDA:71,(anonymous_1)
FNDA:71,(anonymous_2)
FNDA:63,(anonymous_3)
FNDA:22,(anonymous_4)
FNDA:3,(anonymous_5)
FNDA:1,(anonymous_6)
FNDA:2,(anonymous_7)
FNDA:1,(anonymous_8)
FNDA:1,(anonymous_9)
FNDA:9,(anonymous_10)
FNDA:2,(anonymous_11)
FNDA:0,(anonymous_12)
FNDA:9,(anonymous_13)
FNDA:6,(anonymous_14)
FNDA:1,(anonymous_15)
FNDA:60,(anonymous_16)
FNDA:69,(anonymous_17)
FNDA:0,(anonymous_18)
FNDA:62,(anonymous_19)
FNDA:78,(anonymous_20)
FNDA:1,(anonymous_21)
FNDA:7,(anonymous_22)
FNDA:2,(anonymous_23)
FNDA:12,(anonymous_24)
FNDA:11,(anonymous_25)
FNDA:24,(anonymous_26)
FNDA:9,(anonymous_27)
FNDA:13,(anonymous_28)
FNDA:11,(anonymous_29)
FNDA:75,(anonymous_30)
FNDA:13,(anonymous_31)
DA:1,6
DA:2,6
DA:3,6
DA:4,6
DA:13,6
DA:24,6
DA:29,71
DA:30,71
DA:31,0
DA:34,71
DA:35,71
DA:36,71
DA:38,71
DA:46,71
DA:72,71
DA:86,71
DA:96,71
DA:111,71
DA:129,63
DA:137,63
DA:139,63
DA:167,22
DA:168,21
DA:170,21
DA:171,19
DA:178,3
DA:186,3
DA:187,3
DA:189,3
DA:190,2
DA:200,1
DA:207,1
DA:208,2
DA:215,1
DA:217,1
DA:228,1
DA:229,1
DA:241,9
DA:242,9
DA:243,9
DA:245,9
DA:246,0
DA:247,0
DA:248,9
DA:249,1
DA:250,1
DA:251,8
DA:252,0
DA:253,0
DA:256,9
DA:258,9
DA:261,9
DA:268,2
DA:273,2
DA:280,0
DA:285,0
DA:292,9
DA:297,9
DA:306,6
DA:307,6
DA:315,6
DA:316,6
DA:323,1
DA:328,1
DA:339,60
DA:340,60
DA:341,60
DA:344,60
DA:352,60
DA:355,60
DA:356,10
DA:361,10
DA:372,69
DA:379,69
DA:380,69
DA:382,9
DA:396,0
DA:397,0
DA:400,0
DA:407,62
DA:408,62
DA:415,62
DA:422,78
DA:425,78
DA:427,78
DA:428,63
DA:431,3
DA:432,3
DA:433,3
DA:443,1
DA:450,1
DA:465,7
DA:472,7
DA:473,7
DA:487,12
DA:490,12
DA:495,10
DA:496,10
DA:497,11
DA:501,10
DA:506,10
DA:507,10
DA:508,5
DA:512,10
DA:517,10
DA:518,10
DA:519,0
DA:523,10
DA:524,10
DA:525,10
DA:527,10
DA:534,24
DA:567,24
DA:576,9
DA:577,8
DA:578,2
DA:582,6
DA:589,13
DA:596,12
DA:597,12
DA:603,12
DA:604,11
DA:605,11
DA:608,12
DA:615,75
DA:622,13
LF:126
LH:115
BRDA:27,0,0,0
BRDA:30,1,0,0
BRDA:30,1,1,71
BRDA:146,2,0,8
BRDA:146,2,1,55
BRDA:152,3,0,0
BRDA:152,3,1,63
BRDA:153,4,0,4
BRDA:153,4,1,59
BRDA:156,5,0,63
BRDA:156,5,1,0
BRDA:157,6,0,1
BRDA:157,6,1,62
BRDA:170,7,0,2
BRDA:170,7,1,19
BRDA:189,8,0,1
BRDA:189,8,1,2
BRDA:198,9,0,1
BRDA:245,10,0,0
BRDA:245,10,1,9
BRDA:248,11,0,1
BRDA:248,11,1,8
BRDA:251,12,0,0
BRDA:251,12,1,8
BRDA:253,13,0,0
BRDA:253,13,1,0
BRDA:253,14,0,0
BRDA:253,14,1,0
BRDA:328,15,0,1
BRDA:328,15,1,0
BRDA:355,16,0,10
BRDA:355,16,1,50
BRDA:380,17,0,60
BRDA:380,17,1,9
BRDA:395,18,0,0
BRDA:406,19,0,0
BRDA:415,20,0,4
BRDA:415,20,1,58
BRDA:427,21,0,15
BRDA:427,21,1,63
BRDA:428,22,0,60
BRDA:428,22,1,3
BRDA:454,23,0,1
BRDA:454,23,1,0
BRDA:456,24,0,1
BRDA:456,24,1,0
BRDA:457,25,0,0
BRDA:457,25,1,1
BRDA:479,26,0,0
BRDA:479,26,1,2
BRDA:507,27,0,5
BRDA:507,27,1,5
BRDA:518,28,0,0
BRDA:518,28,1,10
BRDA:541,29,0,8
BRDA:541,29,1,16
BRDA:545,30,0,0
BRDA:545,30,1,24
BRDA:548,31,0,1
BRDA:548,31,1,23
BRDA:551,32,0,0
BRDA:551,32,1,24
BRDA:554,33,0,24
BRDA:554,33,1,23
BRDA:555,34,0,24
BRDA:555,34,1,24
BRDA:556,35,0,0
BRDA:556,35,1,24
BRDA:557,36,0,4
BRDA:557,36,1,20
BRDA:558,37,0,24
BRDA:558,37,1,0
BRDA:559,38,0,1
BRDA:559,38,1,23
BRDA:562,39,0,0
BRDA:562,39,1,24
BRDA:577,40,0,2
BRDA:577,40,1,6
BRF:78
BRH:55
end_of_record
TN:
SF:src/following-policy.ts
FN:12,(anonymous_0)
FN:16,(anonymous_1)
FN:20,(anonymous_2)
FNF:3
FNH:3
FNDA:10,(anonymous_0)
FNDA:9,(anonymous_1)
FNDA:2,(anonymous_2)
DA:9,1
DA:13,10
DA:17,9
DA:21,2
DA:25,1
LF:5
LH:5
BRDA:12,0,0,7
BRF:1
BRH:1
end_of_record
TN:
SF:src/queue-processor.ts
FN:28,(anonymous_0)
FN:35,(anonymous_1)
FN:47,(anonymous_2)
FN:56,(anonymous_3)
FN:61,(anonymous_4)
FN:67,(anonymous_5)
FN:74,(anonymous_6)
FN:89,(anonymous_7)
FN:106,(anonymous_8)
FN:217,(anonymous_9)
FN:233,(anonymous_10)
FN:255,(anonymous_11)
FN:297,(anonymous_12)
FN:298,(anonymous_13)
FN:315,(anonymous_14)
FN:326,(anonymous_15)
FN:333,(anonymous_16)
FN:340,(anonymous_17)
FNF:18
FNH:0
FNDA:0,(anonymous_0)
FNDA:0,(anonymous_1)
FNDA:0,(anonymous_2)
FNDA:0,(anonymous_3)
FNDA:0,(anonymous_4)
FNDA:0,(anonymous_5)
FNDA:0,(anonymous_6)
FNDA:0,(anonymous_7)
FNDA:0,(anonymous_8)
FNDA:0,(anonymous_9)
FNDA:0,(anonymous_10)
FNDA:0,(anonymous_11)
FNDA:0,(anonymous_12)
FNDA:0,(anonymous_13)
FNDA:0,(anonymous_14)
FNDA:0,(anonymous_15)
FNDA:0,(anonymous_16)
FNDA:0,(anonymous_17)
DA:2,0
DA:3,0
DA:4,0
DA:5,0
DA:6,0
DA:7,0
DA:18,0
DA:24,0
DA:25,0
DA:26,0
DA:29,0
DA:30,0
DA:31,0
DA:32,0
DA:33,0
DA:36,0
DA:40,0
DA:41,0
DA:43,0
DA:57,0
DA:60,0
DA:61,0
DA:66,0
DA:67,0
DA:73,0
DA:74,0
DA:79,0
DA:80,0
DA:81,0
DA:83,0
DA:90,0
DA:91,0
DA:93,0
DA:94,0
DA:96,0
DA:97,0
DA:100,0
DA:107,0
DA:110,0
DA:111,0
DA:112,0
DA:115,0
DA:116,0
DA:117,0
DA:119,0
DA:122,0
DA:123,0
DA:124,0
DA:129,0
DA:130,0
DA:133,0
DA:136,0
DA:137,0
DA:139,0
DA:142,0
DA:146,0
DA:147,0
DA:150,0
DA:152,0
DA:154,0
DA:155,0
DA:158,0
DA:159,0
DA:162,0
DA:163,0
DA:171,0
DA:172,0
DA:173,0
DA:177,0
DA:181,0
DA:184,0
DA:186,0
DA:187,0
DA:189,0
DA:195,0
DA:196,0
DA:199,0
DA:200,0
DA:209,0
DA:218,0
DA:220,0
DA:221,0
DA:222,0
DA:223,0
DA:226,0
DA:234,0
DA:236,0
DA:237,0
DA:238,0
DA:240,0
DA:244,0
DA:245,0
DA:248,0
DA:258,0
DA:260,0
DA:262,0
DA:263,0
DA:266,0
DA:267,0
DA:272,0
DA:277,0
DA:278,0
DA:282,0
DA:288,0
DA:290,0
DA:291,0
DA:294,0
DA:296,0
DA:297,0
DA:298,0
DA:300,0
DA:305,0
DA:316,0
DA:317,0
DA:319,0
DA:320,0
DA:327,0
DA:334,0
DA:341,0
LF:119
LH:0
BRDA:41,0,0,0
BRDA:41,0,1,0
BRDA:93,1,0,0
BRDA:93,1,1,0
BRDA:96,2,0,0
BRDA:96,2,1,0
BRDA:107,3,0,0
BRDA:107,3,1,0
BRDA:110,4,0,0
BRDA:110,4,1,0
BRDA:117,5,0,0
BRDA:117,5,1,0
BRDA:123,6,0,0
BRDA:123,6,1,0
BRDA:129,7,0,0
BRDA:129,7,1,0
BRDA:152,8,0,0
BRDA:152,8,1,0
BRDA:162,9,0,0
BRDA:162,9,1,0
BRDA:172,10,0,0
BRDA:172,10,1,0
BRDA:181,11,0,0
BRDA:181,11,1,0
BRDA:184,12,0,0
BRDA:184,12,1,0
BRDA:218,13,0,0
BRDA:218,13,1,0
BRDA:222,14,0,0
BRDA:222,14,1,0
BRDA:234,15,0,0
BRDA:234,15,1,0
BRDA:238,16,0,0
BRDA:238,16,1,0
BRDA:258,17,0,0
BRDA:258,17,1,0
BRDA:262,18,0,0
BRDA:262,18,1,0
BRDA:262,19,0,0
BRDA:262,19,1,0
BRDA:290,20,0,0
BRDA:290,20,1,0
BRF:42
BRH:0
end_of_record
TN:
SF:src/rate-limiter.ts
FN:23,(anonymous_0)
FN:32,(anonymous_1)
FN:50,(anonymous_2)
FN:124,(anonymous_3)
FN:162,(anonymous_4)
FN:205,(anonymous_5)
FN:247,(anonymous_6)
FN:270,(anonymous_7)
FN:353,(anonymous_8)
FN:368,(anonymous_9)
FNF:10
FNH:9
FNDA:15,(anonymous_0)
FNDA:4,(anonymous_1)
FNDA:16,(anonymous_2)
FNDA:13,(anonymous_3)
FNDA:12,(anonymous_4)
FNDA:9,(anonymous_5)
FNDA:57,(anonymous_6)
FNDA:5,(anonymous_7)
FNDA:6,(anonymous_8)
FNDA:0,(anonymous_9)
DA:2,2
DA:3,2
DA:19,2
DA:21,15
DA:23,15
DA:37,4
DA:38,3
DA:39,3
DA:40,3
DA:41,3
DA:55,16
DA:58,16
DA:59,16
DA:60,16
DA:61,3
DA:62,3
DA:70,13
DA:71,13
DA:72,0
DA:76,13
DA:77,13
DA:78,13
DA:80,13
DA:81,0
DA:88,13
DA:89,1
DA:96,12
DA:102,12
DA:103,3
DA:107,9
DA:108,9
DA:113,9
DA:114,0
DA:118,9
DA:129,13
DA:131,13
DA:135,13
DA:142,13
DA:143,13
DA:145,13
DA:146,0
DA:147,0
DA:149,0
DA:156,13
DA:172,12
DA:174,12
DA:176,9
DA:179,3
DA:181,3
DA:184,3
DA:185,0
DA:189,3
DA:190,0
DA:194,3
DA:195,3
DA:214,9
DA:216,9
DA:217,9
DA:220,0
DA:223,0
DA:224,0
DA:228,0
DA:229,0
DA:233,0
DA:237,0
DA:248,57
DA:251,57
DA:252,57
DA:253,57
DA:255,57
DA:256,57
DA:264,57
DA:277,5
DA:278,5
DA:280,5
DA:287,5
DA:288,45
DA:289,45
DA:291,45
DA:293,45
DA:294,45
DA:295,45
DA:297,45
DA:299,4
DA:302,4
DA:306,4
DA:307,4
DA:313,4
DA:318,0
DA:319,0
DA:323,0
DA:328,45
DA:347,5
DA:354,6
DA:355,2
DA:356,4
DA:357,4
DA:358,0
DA:359,0
DA:361,0
DA:369,0
LF:101
LH:79
BRDA:37,0,0,3
BRDA:37,0,1,1
BRDA:60,1,0,3
BRDA:60,1,1,13
BRDA:60,2,0,16
BRDA:60,2,1,3
BRDA:71,3,0,0
BRDA:71,3,1,13
BRDA:80,4,0,0
BRDA:80,4,1,13
BRDA:88,5,0,1
BRDA:88,5,1,12
BRDA:102,6,0,3
BRDA:102,6,1,9
BRDA:107,7,0,9
BRDA:107,7,1,0
BRDA:113,8,0,0
BRDA:113,8,1,9
BRDA:143,9,0,13
BRDA:143,9,1,13
BRDA:145,10,0,0
BRDA:145,10,1,13
BRDA:174,11,0,9
BRDA:174,11,1,3
BRDA:184,12,0,0
BRDA:184,12,1,3
BRDA:189,13,0,0
BRDA:189,13,1,3
BRDA:216,14,0,9
BRDA:216,14,1,0
BRDA:223,15,0,0
BRDA:223,15,1,0
BRDA:228,16,0,0
BRDA:228,16,1,0
BRDA:255,17,0,57
BRDA:255,17,1,0
BRDA:291,18,0,0
BRDA:291,18,1,45
BRDA:297,19,0,4
BRDA:297,19,1,41
BRDA:302,20,0,4
BRDA:302,20,1,0
BRDA:303,21,0,4
BRDA:303,21,1,4
BRDA:313,22,0,0
BRDA:313,22,1,4
BRDA:314,23,0,4
BRDA:314,23,1,4
BRDA:314,23,2,0
BRDA:319,24,0,0
BRDA:319,24,1,0
BRDA:320,25,0,0
BRDA:320,25,1,0
BRDA:334,26,0,4
BRDA:334,26,1,41
BRDA:354,27,0,2
BRDA:354,27,1,4
BRDA:356,28,0,4
BRDA:356,28,1,0
BRDA:358,29,0,0
BRDA:358,29,1,0
BRDA:368,30,0,0
BRF:62
BRH:37
end_of_record
TN:
SF:src/types.ts
FN:6,(anonymous_0)
FN:21,(anonymous_1)
FN:31,(anonymous_2)
FN:157,(anonymous_3)
FN:175,(anonymous_4)
FN:363,(anonymous_5)
FNF:6
FNH:5
FNDA:6,(anonymous_0)
FNDA:6,(anonymous_1)
FNDA:6,(anonymous_2)
FNDA:6,(anonymous_3)
FNDA:6,(anonymous_4)
FNDA:0,(anonymous_5)
DA:1,6
DA:6,6
DA:7,6
DA:8,6
DA:9,6
DA:10,6
DA:11,6
DA:12,6
DA:13,6
DA:14,6
DA:15,6
DA:21,6
DA:22,6
DA:23,6
DA:24,6
DA:25,6
DA:31,6
DA:32,6
DA:33,6
DA:34,6
DA:35,6
DA:36,6
DA:37,6
DA:38,6
DA:54,6
DA:62,6
DA:68,6
DA:73,6
DA:77,6
DA:84,6
DA:115,6
DA:157,6
DA:158,6
DA:159,6
DA:160,6
DA:161,6
DA:162,6
DA:163,6
DA:164,6
DA:165,6
DA:166,6
DA:167,6
DA:168,6
DA:169,6
DA:175,6
DA:176,6
DA:177,6
DA:178,6
DA:346,6
DA:355,6
DA:362,6
DA:364,0
DA:375,6
LF:53
LH:52
BRDA:6,0,0,6
BRDA:6,0,1,6
BRDA:21,1,0,6
BRDA:21,1,1,6
BRDA:31,2,0,6
BRDA:31,2,1,6
BRDA:157,3,0,6
BRDA:157,3,1,6
BRDA:175,4,0,6
BRDA:175,4,1,6
BRF:10
BRH:10
end_of_record
