{"/home/elvis/.moltbot/services/ai-content-generator/src/index.js": {"path":"/home/elvis/.moltbot/services/ai-content-generator/src/index.js","statementMap":{"0":{"start":{"line":1,"column":16},"end":{"line":1,"column":34}},"1":{"start":{"line":2,"column":13},"end":{"line":2,"column":28}},"2":{"start":{"line":3,"column":15},"end":{"line":3,"column":32}},"3":{"start":{"line":4,"column":14},"end":{"line":4,"column":30}},"4":{"start":{"line":5,"column":16},"end":{"line":5,"column":34}},"5":{"start":{"line":6,"column":30},"end":{"line":6,"column":62}},"6":{"start":{"line":9,"column":15},"end":{"line":13,"column":2}},"7":{"start":{"line":16,"column":12},"end":{"line":16,"column":21}},"8":{"start":{"line":17,"column":0},"end":{"line":17,"column":18}},"9":{"start":{"line":18,"column":0},"end":{"line":18,"column":16}},"10":{"start":{"line":19,"column":0},"end":{"line":19,"column":24}},"11":{"start":{"line":22,"column":20},"end":{"line":26,"column":2}},"12":{"start":{"line":29,"column":23},"end":{"line":29,"column":96}},"13":{"start":{"line":30,"column":21},"end":{"line":30,"column":92}},"14":{"start":{"line":31,"column":23},"end":{"line":31,"column":49}},"15":{"start":{"line":32,"column":21},"end":{"line":32,"column":45}},"16":{"start":{"line":35,"column":29},"end":{"line":35,"column":72}},"17":{"start":{"line":36,"column":27},"end":{"line":36,"column":75}},"18":{"start":{"line":39,"column":29},"end":{"line":94,"column":1}},"19":{"start":{"line":97,"column":22},"end":{"line":113,"column":1}},"20":{"start":{"line":116,"column":0},"end":{"line":125,"column":3}},"21":{"start":{"line":117,"column":2},"end":{"line":124,"column":5}},"22":{"start":{"line":128,"column":0},"end":{"line":228,"column":3}},"23":{"start":{"line":137,"column":6},"end":{"line":137,"column":14}},"24":{"start":{"line":139,"column":2},"end":{"line":227,"column":3}},"25":{"start":{"line":141,"column":4},"end":{"line":141,"column":38}},"26":{"start":{"line":144,"column":4},"end":{"line":148,"column":5}},"27":{"start":{"line":145,"column":6},"end":{"line":147,"column":9}},"28":{"start":{"line":150,"column":4},"end":{"line":154,"column":5}},"29":{"start":{"line":151,"column":6},"end":{"line":153,"column":9}},"30":{"start":{"line":156,"column":4},"end":{"line":160,"column":5}},"31":{"start":{"line":157,"column":6},"end":{"line":159,"column":9}},"32":{"start":{"line":163,"column":19},"end":{"line":163,"column":82}},"33":{"start":{"line":165,"column":4},"end":{"line":165,"column":90}},"34":{"start":{"line":169,"column":4},"end":{"line":176,"column":5}},"35":{"start":{"line":170,"column":6},"end":{"line":170,"column":53}},"36":{"start":{"line":171,"column":11},"end":{"line":176,"column":5}},"37":{"start":{"line":172,"column":6},"end":{"line":172,"column":51}},"38":{"start":{"line":175,"column":6},"end":{"line":175,"column":68}},"39":{"start":{"line":178,"column":4},"end":{"line":189,"column":7}},"40":{"start":{"line":191,"column":4},"end":{"line":191,"column":71}},"41":{"start":{"line":193,"column":4},"end":{"line":198,"column":5}},"42":{"start":{"line":194,"column":6},"end":{"line":197,"column":9}},"43":{"start":{"line":201,"column":4},"end":{"line":201,"column":94}},"44":{"start":{"line":203,"column":4},"end":{"line":226,"column":5}},"45":{"start":{"line":204,"column":21},"end":{"line":204,"column":73}},"46":{"start":{"line":206,"column":6},"end":{"line":219,"column":9}},"47":{"start":{"line":221,"column":6},"end":{"line":221,"column":83}},"48":{"start":{"line":222,"column":6},"end":{"line":225,"column":9}},"49":{"start":{"line":232,"column":22},"end":{"line":232,"column":51}},"50":{"start":{"line":233,"column":22},"end":{"line":233,"column":48}},"51":{"start":{"line":235,"column":15},"end":{"line":246,"column":46}},"52":{"start":{"line":248,"column":2},"end":{"line":250,"column":3}},"53":{"start":{"line":249,"column":4},"end":{"line":249,"column":40}},"54":{"start":{"line":252,"column":2},"end":{"line":254,"column":3}},"55":{"start":{"line":253,"column":4},"end":{"line":253,"column":57}},"56":{"start":{"line":256,"column":2},"end":{"line":258,"column":3}},"57":{"start":{"line":257,"column":4},"end":{"line":257,"column":144}},"58":{"start":{"line":260,"column":2},"end":{"line":260,"column":16}},"59":{"start":{"line":265,"column":2},"end":{"line":295,"column":3}},"60":{"start":{"line":266,"column":21},"end":{"line":288,"column":5}},"61":{"start":{"line":290,"column":26},"end":{"line":290,"column":66}},"62":{"start":{"line":291,"column":4},"end":{"line":291,"column":58}},"63":{"start":{"line":293,"column":4},"end":{"line":293,"column":63}},"64":{"start":{"line":294,"column":4},"end":{"line":294,"column":16}},"65":{"start":{"line":300,"column":2},"end":{"line":330,"column":3}},"66":{"start":{"line":301,"column":21},"end":{"line":323,"column":5}},"67":{"start":{"line":325,"column":26},"end":{"line":325,"column":66}},"68":{"start":{"line":326,"column":4},"end":{"line":326,"column":56}},"69":{"start":{"line":328,"column":4},"end":{"line":328,"column":61}},"70":{"start":{"line":329,"column":4},"end":{"line":329,"column":16}},"71":{"start":{"line":335,"column":14},"end":{"line":335,"column":16}},"72":{"start":{"line":336,"column":16},"end":{"line":336,"column":20}},"73":{"start":{"line":339,"column":21},"end":{"line":339,"column":54}},"74":{"start":{"line":340,"column":2},"end":{"line":348,"column":3}},"75":{"start":{"line":341,"column":4},"end":{"line":341,"column":33}},"76":{"start":{"line":342,"column":4},"end":{"line":342,"column":56}},"77":{"start":{"line":345,"column":26},"end":{"line":345,"column":44}},"78":{"start":{"line":346,"column":4},"end":{"line":346,"column":86}},"79":{"start":{"line":347,"column":4},"end":{"line":347,"column":19}},"80":{"start":{"line":350,"column":2},"end":{"line":350,"column":38}},"81":{"start":{"line":355,"column":22},"end":{"line":355,"column":51}},"82":{"start":{"line":357,"column":20},"end":{"line":372,"column":3}},"83":{"start":{"line":374,"column":24},"end":{"line":374,"column":64}},"84":{"start":{"line":375,"column":27},"end":{"line":375,"column":90}},"85":{"start":{"line":377,"column":2},"end":{"line":381,"column":4}},"86":{"start":{"line":385,"column":0},"end":{"line":393,"column":3}},"87":{"start":{"line":386,"column":2},"end":{"line":392,"column":5}},"88":{"start":{"line":387,"column":74},"end":{"line":391,"column":5}},"89":{"start":{"line":396,"column":0},"end":{"line":403,"column":3}},"90":{"start":{"line":397,"column":2},"end":{"line":402,"column":5}},"91":{"start":{"line":398,"column":71},"end":{"line":401,"column":5}},"92":{"start":{"line":406,"column":0},"end":{"line":409,"column":3}},"93":{"start":{"line":407,"column":2},"end":{"line":407,"column":76}},"94":{"start":{"line":408,"column":2},"end":{"line":408,"column":59}},"95":{"start":{"line":412,"column":0},"end":{"line":419,"column":1}},"96":{"start":{"line":413,"column":15},"end":{"line":413,"column":39}},"97":{"start":{"line":414,"column":2},"end":{"line":418,"column":5}},"98":{"start":{"line":415,"column":4},"end":{"line":415,"column":64}},"99":{"start":{"line":416,"column":4},"end":{"line":416,"column":62}},"100":{"start":{"line":417,"column":4},"end":{"line":417,"column":58}},"101":{"start":{"line":422,"column":0},"end":{"line":422,"column":21}}},"fnMap":{"0":{"name":"(anonymous_0)","decl":{"start":{"line":116,"column":19},"end":{"line":116,"column":20}},"loc":{"start":{"line":116,"column":33},"end":{"line":125,"column":1}},"line":116},"1":{"name":"(anonymous_1)","decl":{"start":{"line":128,"column":22},"end":{"line":128,"column":23}},"loc":{"start":{"line":128,"column":42},"end":{"line":228,"column":1}},"line":128},"2":{"name":"buildPrompt","decl":{"start":{"line":231,"column":9},"end":{"line":231,"column":20}},"loc":{"start":{"line":231,"column":73},"end":{"line":261,"column":1}},"line":231},"3":{"name":"callVenice","decl":{"start":{"line":264,"column":15},"end":{"line":264,"column":25}},"loc":{"start":{"line":264,"column":47},"end":{"line":296,"column":1}},"line":264},"4":{"name":"callKimi","decl":{"start":{"line":299,"column":15},"end":{"line":299,"column":23}},"loc":{"start":{"line":299,"column":45},"end":{"line":331,"column":1}},"line":299},"5":{"name":"parseGeneratedContent","decl":{"start":{"line":334,"column":9},"end":{"line":334,"column":30}},"loc":{"start":{"line":334,"column":47},"end":{"line":351,"column":1}},"line":334},"6":{"name":"generateTemplateContent","decl":{"start":{"line":354,"column":9},"end":{"line":354,"column":32}},"loc":{"start":{"line":354,"column":62},"end":{"line":382,"column":1}},"line":354},"7":{"name":"(anonymous_7)","decl":{"start":{"line":385,"column":21},"end":{"line":385,"column":22}},"loc":{"start":{"line":385,"column":35},"end":{"line":393,"column":1}},"line":385},"8":{"name":"(anonymous_8)","decl":{"start":{"line":387,"column":55},"end":{"line":387,"column":56}},"loc":{"start":{"line":387,"column":74},"end":{"line":391,"column":5}},"line":387},"9":{"name":"(anonymous_9)","decl":{"start":{"line":396,"column":26},"end":{"line":396,"column":27}},"loc":{"start":{"line":396,"column":40},"end":{"line":403,"column":1}},"line":396},"10":{"name":"(anonymous_10)","decl":{"start":{"line":398,"column":52},"end":{"line":398,"column":53}},"loc":{"start":{"line":398,"column":71},"end":{"line":401,"column":5}},"line":398},"11":{"name":"(anonymous_11)","decl":{"start":{"line":406,"column":8},"end":{"line":406,"column":9}},"loc":{"start":{"line":406,"column":34},"end":{"line":409,"column":1}},"line":406},"12":{"name":"(anonymous_12)","decl":{"start":{"line":414,"column":19},"end":{"line":414,"column":20}},"loc":{"start":{"line":414,"column":25},"end":{"line":418,"column":3}},"line":414}},"branchMap":{"0":{"loc":{"start":{"line":10,"column":9},"end":{"line":10,"column":40}},"type":"binary-expr","locations":[{"start":{"line":10,"column":9},"end":{"line":10,"column":30}},{"start":{"line":10,"column":34},"end":{"line":10,"column":40}}],"line":10},"1":{"loc":{"start":{"line":29,"column":23},"end":{"line":29,"column":96}},"type":"binary-expr","locations":[{"start":{"line":29,"column":23},"end":{"line":29,"column":49}},{"start":{"line":29,"column":53},"end":{"line":29,"column":96}}],"line":29},"2":{"loc":{"start":{"line":30,"column":21},"end":{"line":30,"column":92}},"type":"binary-expr","locations":[{"start":{"line":30,"column":21},"end":{"line":30,"column":45}},{"start":{"line":30,"column":49},"end":{"line":30,"column":92}}],"line":30},"3":{"loc":{"start":{"line":35,"column":29},"end":{"line":35,"column":72}},"type":"binary-expr","locations":[{"start":{"line":35,"column":29},"end":{"line":35,"column":53}},{"start":{"line":35,"column":57},"end":{"line":35,"column":72}}],"line":35},"4":{"loc":{"start":{"line":36,"column":27},"end":{"line":36,"column":75}},"type":"binary-expr","locations":[{"start":{"line":36,"column":27},"end":{"line":36,"column":49}},{"start":{"line":36,"column":53},"end":{"line":36,"column":75}}],"line":36},"5":{"loc":{"start":{"line":132,"column":4},"end":{"line":132,"column":24}},"type":"default-arg","locations":[{"start":{"line":132,"column":18},"end":{"line":132,"column":24}}],"line":132},"6":{"loc":{"start":{"line":133,"column":4},"end":{"line":133,"column":24}},"type":"default-arg","locations":[{"start":{"line":133,"column":14},"end":{"line":133,"column":24}}],"line":133},"7":{"loc":{"start":{"line":134,"column":4},"end":{"line":134,"column":21}},"type":"default-arg","locations":[{"start":{"line":134,"column":15},"end":{"line":134,"column":21}}],"line":134},"8":{"loc":{"start":{"line":144,"column":4},"end":{"line":148,"column":5}},"type":"if","locations":[{"start":{"line":144,"column":4},"end":{"line":148,"column":5}},{"start":{},"end":{}}],"line":144},"9":{"loc":{"start":{"line":144,"column":8},"end":{"line":144,"column":31}},"type":"binary-expr","locations":[{"start":{"line":144,"column":8},"end":{"line":144,"column":14}},{"start":{"line":144,"column":18},"end":{"line":144,"column":31}}],"line":144},"10":{"loc":{"start":{"line":150,"column":4},"end":{"line":154,"column":5}},"type":"if","locations":[{"start":{"line":150,"column":4},"end":{"line":154,"column":5}},{"start":{},"end":{}}],"line":150},"11":{"loc":{"start":{"line":156,"column":4},"end":{"line":160,"column":5}},"type":"if","locations":[{"start":{"line":156,"column":4},"end":{"line":160,"column":5}},{"start":{},"end":{}}],"line":156},"12":{"loc":{"start":{"line":169,"column":4},"end":{"line":176,"column":5}},"type":"if","locations":[{"start":{"line":169,"column":4},"end":{"line":176,"column":5}},{"start":{"line":171,"column":11},"end":{"line":176,"column":5}}],"line":169},"13":{"loc":{"start":{"line":169,"column":8},"end":{"line":169,"column":72}},"type":"binary-expr","locations":[{"start":{"line":169,"column":8},"end":{"line":169,"column":29}},{"start":{"line":169,"column":34},"end":{"line":169,"column":53}},{"start":{"line":169,"column":57},"end":{"line":169,"column":71}}],"line":169},"14":{"loc":{"start":{"line":171,"column":11},"end":{"line":176,"column":5}},"type":"if","locations":[{"start":{"line":171,"column":11},"end":{"line":176,"column":5}},{"start":{"line":173,"column":11},"end":{"line":176,"column":5}}],"line":171},"15":{"loc":{"start":{"line":171,"column":15},"end":{"line":171,"column":75}},"type":"binary-expr","locations":[{"start":{"line":171,"column":15},"end":{"line":171,"column":34}},{"start":{"line":171,"column":39},"end":{"line":171,"column":58}},{"start":{"line":171,"column":62},"end":{"line":171,"column":74}}],"line":171},"16":{"loc":{"start":{"line":193,"column":4},"end":{"line":198,"column":5}},"type":"if","locations":[{"start":{"line":193,"column":4},"end":{"line":198,"column":5}},{"start":{},"end":{}}],"line":193},"17":{"loc":{"start":{"line":248,"column":2},"end":{"line":250,"column":3}},"type":"if","locations":[{"start":{"line":248,"column":2},"end":{"line":250,"column":3}},{"start":{},"end":{}}],"line":248},"18":{"loc":{"start":{"line":252,"column":2},"end":{"line":254,"column":3}},"type":"if","locations":[{"start":{"line":252,"column":2},"end":{"line":254,"column":3}},{"start":{},"end":{}}],"line":252},"19":{"loc":{"start":{"line":256,"column":2},"end":{"line":258,"column":3}},"type":"if","locations":[{"start":{"line":256,"column":2},"end":{"line":258,"column":3}},{"start":{},"end":{}}],"line":256},"20":{"loc":{"start":{"line":279,"column":20},"end":{"line":279,"column":54}},"type":"cond-expr","locations":[{"start":{"line":279,"column":45},"end":{"line":279,"column":48}},{"start":{"line":279,"column":51},"end":{"line":279,"column":54}}],"line":279},"21":{"loc":{"start":{"line":314,"column":20},"end":{"line":314,"column":54}},"type":"cond-expr","locations":[{"start":{"line":314,"column":45},"end":{"line":314,"column":48}},{"start":{"line":314,"column":51},"end":{"line":314,"column":54}}],"line":314},"22":{"loc":{"start":{"line":340,"column":2},"end":{"line":348,"column":3}},"type":"if","locations":[{"start":{"line":340,"column":2},"end":{"line":348,"column":3}},{"start":{"line":343,"column":9},"end":{"line":348,"column":3}}],"line":340},"23":{"loc":{"start":{"line":346,"column":46},"end":{"line":346,"column":84}},"type":"cond-expr","locations":[{"start":{"line":346,"column":74},"end":{"line":346,"column":79}},{"start":{"line":346,"column":82},"end":{"line":346,"column":84}}],"line":346},"24":{"loc":{"start":{"line":374,"column":24},"end":{"line":374,"column":64}},"type":"binary-expr","locations":[{"start":{"line":374,"column":24},"end":{"line":374,"column":46}},{"start":{"line":374,"column":50},"end":{"line":374,"column":64}}],"line":374},"25":{"loc":{"start":{"line":412,"column":0},"end":{"line":419,"column":1}},"type":"if","locations":[{"start":{"line":412,"column":0},"end":{"line":419,"column":1}},{"start":{},"end":{}}],"line":412},"26":{"loc":{"start":{"line":413,"column":15},"end":{"line":413,"column":39}},"type":"binary-expr","locations":[{"start":{"line":413,"column":15},"end":{"line":413,"column":31}},{"start":{"line":413,"column":35},"end":{"line":413,"column":39}}],"line":413}},"s":{"0":12,"1":12,"2":12,"3":12,"4":12,"5":12,"6":12,"7":12,"8":12,"9":12,"10":12,"11":12,"12":12,"13":12,"14":12,"15":12,"16":12,"17":12,"18":12,"19":12,"20":12,"21":0,"22":12,"23":12,"24":12,"25":12,"26":12,"27":0,"28":12,"29":0,"30":12,"31":0,"32":12,"33":12,"34":12,"35":11,"36":1,"37":1,"38":0,"39":9,"40":3,"41":3,"42":0,"43":3,"44":3,"45":3,"46":3,"47":0,"48":0,"49":12,"50":12,"51":12,"52":12,"53":0,"54":12,"55":0,"56":12,"57":10,"58":12,"59":11,"60":11,"61":8,"62":8,"63":3,"64":3,"65":1,"66":1,"67":1,"68":1,"69":0,"70":0,"71":9,"72":9,"73":9,"74":9,"75":7,"76":7,"77":2,"78":2,"79":2,"80":9,"81":3,"82":3,"83":3,"84":3,"85":3,"86":12,"87":0,"88":0,"89":12,"90":0,"91":0,"92":12,"93":0,"94":0,"95":12,"96":0,"97":0,"98":0,"99":0,"100":0,"101":12},"f":{"0":0,"1":12,"2":12,"3":11,"4":1,"5":9,"6":3,"7":0,"8":0,"9":0,"10":0,"11":0,"12":0},"b":{"0":[12,0],"1":[12,0],"2":[12,0],"3":[12,12],"4":[12,12],"5":[8],"6":[9],"7":[6],"8":[0,12],"9":[12,0],"10":[0,12],"11":[0,12],"12":[11,1],"13":[12,9,8],"14":[1,0],"15":[1,0,0],"16":[0,3],"17":[0,12],"18":[0,12],"19":[10,2],"20":[9,2],"21":[1,0],"22":[7,2],"23":[0,2],"24":[3,0],"25":[0,12],"26":[0,0]},"_coverageSchema":"1a1c01bbd47fc00a2c39e90264f33305004495a9","hash":"ac81d7a3c05a6a9556be096aac8306a705ef5b01"}
,"/home/elvis/.moltbot/services/model-router/src/index.js": {"path":"/home/elvis/.moltbot/services/model-router/src/index.js","statementMap":{"0":{"start":{"line":8,"column":16},"end":{"line":8,"column":34}},"1":{"start":{"line":9,"column":15},"end":{"line":9,"column":32}},"2":{"start":{"line":10,"column":13},"end":{"line":10,"column":28}},"3":{"start":{"line":11,"column":18},"end":{"line":11,"column":47}},"4":{"start":{"line":12,"column":13},"end":{"line":12,"column":30}},"5":{"start":{"line":13,"column":13},"end":{"line":13,"column":28}},"6":{"start":{"line":14,"column":16},"end":{"line":14,"column":34}},"7":{"start":{"line":15,"column":23},"end":{"line":15,"column":49}},"8":{"start":{"line":16,"column":18},"end":{"line":16,"column":39}},"9":{"start":{"line":17,"column":15},"end":{"line":17,"column":37}},"10":{"start":{"line":19,"column":20},"end":{"line":19,"column":39}},"11":{"start":{"line":24,"column":4},"end":{"line":24,"column":41}},"12":{"start":{"line":27,"column":12},"end":{"line":27,"column":21}},"13":{"start":{"line":28,"column":13},"end":{"line":28,"column":37}},"14":{"start":{"line":29,"column":17},"end":{"line":29,"column":53}},"15":{"start":{"line":32,"column":22},"end":{"line":32,"column":56}},"16":{"start":{"line":35,"column":0},"end":{"line":40,"column":1}},"17":{"start":{"line":36,"column":2},"end":{"line":39,"column":4}},"18":{"start":{"line":42,"column":15},"end":{"line":46,"column":2}},"19":{"start":{"line":49,"column":0},"end":{"line":51,"column":1}},"20":{"start":{"line":50,"column":2},"end":{"line":50,"column":82}},"21":{"start":{"line":55,"column":2},"end":{"line":55,"column":87}},"22":{"start":{"line":59,"column":0},"end":{"line":70,"column":1}},"23":{"start":{"line":60,"column":2},"end":{"line":60,"column":43}},"24":{"start":{"line":61,"column":2},"end":{"line":61,"column":60}},"25":{"start":{"line":63,"column":2},"end":{"line":69,"column":3}},"26":{"start":{"line":64,"column":4},"end":{"line":64,"column":42}},"27":{"start":{"line":65,"column":4},"end":{"line":65,"column":70}},"28":{"start":{"line":67,"column":4},"end":{"line":67,"column":95}},"29":{"start":{"line":68,"column":4},"end":{"line":68,"column":20}},"30":{"start":{"line":73,"column":14},"end":{"line":76,"column":2}},"31":{"start":{"line":79,"column":17},"end":{"line":79,"column":38}},"32":{"start":{"line":80,"column":0},"end":{"line":80,"column":43}},"33":{"start":{"line":82,"column":23},"end":{"line":87,"column":2}},"34":{"start":{"line":89,"column":25},"end":{"line":95,"column":2}},"35":{"start":{"line":98,"column":15},"end":{"line":98,"column":60}},"36":{"start":{"line":101,"column":16},"end":{"line":107,"column":2}},"37":{"start":{"line":110,"column":0},"end":{"line":110,"column":18}},"38":{"start":{"line":111,"column":0},"end":{"line":111,"column":16}},"39":{"start":{"line":112,"column":0},"end":{"line":112,"column":17}},"40":{"start":{"line":113,"column":0},"end":{"line":113,"column":41}},"41":{"start":{"line":114,"column":0},"end":{"line":122,"column":2}},"42":{"start":{"line":125,"column":0},"end":{"line":132,"column":3}},"43":{"start":{"line":126,"column":2},"end":{"line":131,"column":5}},"44":{"start":{"line":135,"column":0},"end":{"line":138,"column":3}},"45":{"start":{"line":136,"column":2},"end":{"line":136,"column":48}},"46":{"start":{"line":137,"column":2},"end":{"line":137,"column":36}},"47":{"start":{"line":141,"column":0},"end":{"line":148,"column":3}},"48":{"start":{"line":142,"column":19},"end":{"line":142,"column":66}},"49":{"start":{"line":143,"column":2},"end":{"line":147,"column":5}},"50":{"start":{"line":151,"column":0},"end":{"line":164,"column":3}},"51":{"start":{"line":152,"column":2},"end":{"line":163,"column":3}},"52":{"start":{"line":153,"column":4},"end":{"line":156,"column":7}},"53":{"start":{"line":158,"column":4},"end":{"line":162,"column":7}},"54":{"start":{"line":167,"column":0},"end":{"line":212,"column":3}},"55":{"start":{"line":168,"column":20},"end":{"line":168,"column":30}},"56":{"start":{"line":170,"column":2},"end":{"line":211,"column":3}},"57":{"start":{"line":171,"column":47},"end":{"line":171,"column":55}},"58":{"start":{"line":173,"column":4},"end":{"line":178,"column":5}},"59":{"start":{"line":174,"column":6},"end":{"line":177,"column":9}},"60":{"start":{"line":180,"column":4},"end":{"line":180,"column":87}},"61":{"start":{"line":183,"column":28},"end":{"line":183,"column":87}},"62":{"start":{"line":186,"column":4},"end":{"line":186,"column":82}},"63":{"start":{"line":187,"column":4},"end":{"line":190,"column":6}},"64":{"start":{"line":192,"column":4},"end":{"line":196,"column":7}},"65":{"start":{"line":198,"column":4},"end":{"line":198,"column":80}},"66":{"start":{"line":200,"column":4},"end":{"line":204,"column":7}},"67":{"start":{"line":206,"column":4},"end":{"line":210,"column":7}},"68":{"start":{"line":215,"column":0},"end":{"line":276,"column":3}},"69":{"start":{"line":216,"column":20},"end":{"line":216,"column":30}},"70":{"start":{"line":218,"column":2},"end":{"line":275,"column":3}},"71":{"start":{"line":219,"column":57},"end":{"line":219,"column":65}},"72":{"start":{"line":221,"column":4},"end":{"line":226,"column":5}},"73":{"start":{"line":222,"column":6},"end":{"line":225,"column":9}},"74":{"start":{"line":229,"column":21},"end":{"line":229,"column":68}},"75":{"start":{"line":230,"column":4},"end":{"line":237,"column":5}},"76":{"start":{"line":231,"column":6},"end":{"line":231,"column":52}},"77":{"start":{"line":232,"column":6},"end":{"line":236,"column":9}},"78":{"start":{"line":240,"column":28},"end":{"line":240,"column":87}},"79":{"start":{"line":241,"column":19},"end":{"line":241,"column":76}},"80":{"start":{"line":244,"column":4},"end":{"line":246,"column":5}},"81":{"start":{"line":245,"column":6},"end":{"line":245,"column":34}},"82":{"start":{"line":249,"column":4},"end":{"line":249,"column":82}},"83":{"start":{"line":250,"column":4},"end":{"line":253,"column":6}},"84":{"start":{"line":255,"column":4},"end":{"line":260,"column":7}},"85":{"start":{"line":262,"column":4},"end":{"line":262,"column":83}},"86":{"start":{"line":264,"column":4},"end":{"line":268,"column":7}},"87":{"start":{"line":270,"column":4},"end":{"line":274,"column":7}},"88":{"start":{"line":279,"column":0},"end":{"line":292,"column":3}},"89":{"start":{"line":280,"column":2},"end":{"line":291,"column":5}},"90":{"start":{"line":295,"column":0},"end":{"line":301,"column":3}},"91":{"start":{"line":296,"column":2},"end":{"line":296,"column":76}},"92":{"start":{"line":297,"column":2},"end":{"line":300,"column":5}},"93":{"start":{"line":304,"column":0},"end":{"line":312,"column":1}},"94":{"start":{"line":305,"column":2},"end":{"line":311,"column":5}},"95":{"start":{"line":306,"column":4},"end":{"line":310,"column":7}},"96":{"start":{"line":315,"column":0},"end":{"line":325,"column":1}},"97":{"start":{"line":316,"column":2},"end":{"line":319,"column":5}},"98":{"start":{"line":317,"column":4},"end":{"line":317,"column":62}},"99":{"start":{"line":318,"column":4},"end":{"line":318,"column":20}},"100":{"start":{"line":321,"column":2},"end":{"line":324,"column":5}},"101":{"start":{"line":322,"column":4},"end":{"line":322,"column":61}},"102":{"start":{"line":323,"column":4},"end":{"line":323,"column":20}},"103":{"start":{"line":327,"column":0},"end":{"line":327,"column":21}}},"fnMap":{"0":{"name":"(anonymous_0)","decl":{"start":{"line":125,"column":19},"end":{"line":125,"column":20}},"loc":{"start":{"line":125,"column":33},"end":{"line":132,"column":1}},"line":125},"1":{"name":"(anonymous_1)","decl":{"start":{"line":135,"column":20},"end":{"line":135,"column":21}},"loc":{"start":{"line":135,"column":40},"end":{"line":138,"column":1}},"line":135},"2":{"name":"(anonymous_2)","decl":{"start":{"line":141,"column":17},"end":{"line":141,"column":18}},"loc":{"start":{"line":141,"column":31},"end":{"line":148,"column":1}},"line":141},"3":{"name":"(anonymous_3)","decl":{"start":{"line":151,"column":54},"end":{"line":151,"column":55}},"loc":{"start":{"line":151,"column":68},"end":{"line":164,"column":1}},"line":151},"4":{"name":"(anonymous_4)","decl":{"start":{"line":167,"column":55},"end":{"line":167,"column":56}},"loc":{"start":{"line":167,"column":75},"end":{"line":212,"column":1}},"line":167},"5":{"name":"(anonymous_5)","decl":{"start":{"line":215,"column":58},"end":{"line":215,"column":59}},"loc":{"start":{"line":215,"column":78},"end":{"line":276,"column":1}},"line":215},"6":{"name":"(anonymous_6)","decl":{"start":{"line":279,"column":19},"end":{"line":279,"column":20}},"loc":{"start":{"line":279,"column":33},"end":{"line":292,"column":1}},"line":279},"7":{"name":"(anonymous_7)","decl":{"start":{"line":295,"column":8},"end":{"line":295,"column":9}},"loc":{"start":{"line":295,"column":34},"end":{"line":301,"column":1}},"line":295},"8":{"name":"(anonymous_8)","decl":{"start":{"line":305,"column":30},"end":{"line":305,"column":31}},"loc":{"start":{"line":305,"column":36},"end":{"line":311,"column":3}},"line":305},"9":{"name":"(anonymous_9)","decl":{"start":{"line":316,"column":24},"end":{"line":316,"column":25}},"loc":{"start":{"line":316,"column":30},"end":{"line":319,"column":3}},"line":316},"10":{"name":"(anonymous_10)","decl":{"start":{"line":321,"column":23},"end":{"line":321,"column":24}},"loc":{"start":{"line":321,"column":29},"end":{"line":324,"column":3}},"line":321}},"branchMap":{"0":{"loc":{"start":{"line":28,"column":13},"end":{"line":28,"column":37}},"type":"binary-expr","locations":[{"start":{"line":28,"column":13},"end":{"line":28,"column":29}},{"start":{"line":28,"column":33},"end":{"line":28,"column":37}}],"line":28},"1":{"loc":{"start":{"line":29,"column":17},"end":{"line":29,"column":53}},"type":"binary-expr","locations":[{"start":{"line":29,"column":17},"end":{"line":29,"column":37}},{"start":{"line":29,"column":41},"end":{"line":29,"column":53}}],"line":29},"2":{"loc":{"start":{"line":35,"column":0},"end":{"line":40,"column":1}},"type":"if","locations":[{"start":{"line":35,"column":0},"end":{"line":40,"column":1}},{"start":{},"end":{}}],"line":35},"3":{"loc":{"start":{"line":43,"column":9},"end":{"line":43,"column":40}},"type":"binary-expr","locations":[{"start":{"line":43,"column":9},"end":{"line":43,"column":30}},{"start":{"line":43,"column":34},"end":{"line":43,"column":40}}],"line":43},"4":{"loc":{"start":{"line":49,"column":0},"end":{"line":51,"column":1}},"type":"if","locations":[{"start":{"line":49,"column":0},"end":{"line":51,"column":1}},{"start":{},"end":{}}],"line":49},"5":{"loc":{"start":{"line":55,"column":2},"end":{"line":55,"column":87}},"type":"binary-expr","locations":[{"start":{"line":55,"column":2},"end":{"line":55,"column":32}},{"start":{"line":55,"column":36},"end":{"line":55,"column":87}}],"line":55},"6":{"loc":{"start":{"line":59,"column":0},"end":{"line":70,"column":1}},"type":"if","locations":[{"start":{"line":59,"column":0},"end":{"line":70,"column":1}},{"start":{"line":62,"column":7},"end":{"line":70,"column":1}}],"line":59},"7":{"loc":{"start":{"line":59,"column":4},"end":{"line":59,"column":63}},"type":"binary-expr","locations":[{"start":{"line":59,"column":4},"end":{"line":59,"column":35}},{"start":{"line":59,"column":39},"end":{"line":59,"column":63}}],"line":59},"8":{"loc":{"start":{"line":74,"column":10},"end":{"line":74,"column":74}},"type":"binary-expr","locations":[{"start":{"line":74,"column":10},"end":{"line":74,"column":66}},{"start":{"line":74,"column":70},"end":{"line":74,"column":74}}],"line":74},"9":{"loc":{"start":{"line":152,"column":2},"end":{"line":163,"column":3}},"type":"if","locations":[{"start":{"line":152,"column":2},"end":{"line":163,"column":3}},{"start":{"line":157,"column":9},"end":{"line":163,"column":3}}],"line":152},"10":{"loc":{"start":{"line":173,"column":4},"end":{"line":178,"column":5}},"type":"if","locations":[{"start":{"line":173,"column":4},"end":{"line":178,"column":5}},{"start":{},"end":{}}],"line":173},"11":{"loc":{"start":{"line":201,"column":12},"end":{"line":201,"column":38}},"type":"binary-expr","locations":[{"start":{"line":201,"column":12},"end":{"line":201,"column":25}},{"start":{"line":201,"column":29},"end":{"line":201,"column":38}}],"line":201},"12":{"loc":{"start":{"line":221,"column":4},"end":{"line":226,"column":5}},"type":"if","locations":[{"start":{"line":221,"column":4},"end":{"line":226,"column":5}},{"start":{},"end":{}}],"line":221},"13":{"loc":{"start":{"line":221,"column":8},"end":{"line":221,"column":26}},"type":"binary-expr","locations":[{"start":{"line":221,"column":8},"end":{"line":221,"column":13}},{"start":{"line":221,"column":17},"end":{"line":221,"column":26}}],"line":221},"14":{"loc":{"start":{"line":230,"column":4},"end":{"line":237,"column":5}},"type":"if","locations":[{"start":{"line":230,"column":4},"end":{"line":237,"column":5}},{"start":{},"end":{}}],"line":230},"15":{"loc":{"start":{"line":230,"column":8},"end":{"line":230,"column":55}},"type":"binary-expr","locations":[{"start":{"line":230,"column":8},"end":{"line":230,"column":32}},{"start":{"line":230,"column":36},"end":{"line":230,"column":55}}],"line":230},"16":{"loc":{"start":{"line":244,"column":4},"end":{"line":246,"column":5}},"type":"if","locations":[{"start":{"line":244,"column":4},"end":{"line":246,"column":5}},{"start":{},"end":{}}],"line":244},"17":{"loc":{"start":{"line":265,"column":12},"end":{"line":265,"column":38}},"type":"binary-expr","locations":[{"start":{"line":265,"column":12},"end":{"line":265,"column":25}},{"start":{"line":265,"column":29},"end":{"line":265,"column":38}}],"line":265},"18":{"loc":{"start":{"line":304,"column":0},"end":{"line":312,"column":1}},"type":"if","locations":[{"start":{"line":304,"column":0},"end":{"line":312,"column":1}},{"start":{},"end":{}}],"line":304},"19":{"loc":{"start":{"line":315,"column":0},"end":{"line":325,"column":1}},"type":"if","locations":[{"start":{"line":315,"column":0},"end":{"line":325,"column":1}},{"start":{},"end":{}}],"line":315}},"s":{"0":0,"1":0,"2":0,"3":0,"4":0,"5":0,"6":0,"7":0,"8":0,"9":0,"10":0,"11":0,"12":0,"13":0,"14":0,"15":0,"16":0,"17":0,"18":0,"19":0,"20":0,"21":0,"22":0,"23":0,"24":0,"25":0,"26":0,"27":0,"28":0,"29":0,"30":0,"31":0,"32":0,"33":0,"34":0,"35":0,"36":0,"37":0,"38":0,"39":0,"40":0,"41":0,"42":0,"43":0,"44":0,"45":0,"46":0,"47":0,"48":0,"49":0,"50":0,"51":0,"52":0,"53":0,"54":0,"55":0,"56":0,"57":0,"58":0,"59":0,"60":0,"61":0,"62":0,"63":0,"64":0,"65":0,"66":0,"67":0,"68":0,"69":0,"70":0,"71":0,"72":0,"73":0,"74":0,"75":0,"76":0,"77":0,"78":0,"79":0,"80":0,"81":0,"82":0,"83":0,"84":0,"85":0,"86":0,"87":0,"88":0,"89":0,"90":0,"91":0,"92":0,"93":0,"94":0,"95":0,"96":0,"97":0,"98":0,"99":0,"100":0,"101":0,"102":0,"103":0},"f":{"0":0,"1":0,"2":0,"3":0,"4":0,"5":0,"6":0,"7":0,"8":0,"9":0,"10":0},"b":{"0":[0,0],"1":[0,0],"2":[0,0],"3":[0,0],"4":[0,0],"5":[0,0],"6":[0,0],"7":[0,0],"8":[0,0],"9":[0,0],"10":[0,0],"11":[0,0],"12":[0,0],"13":[0,0],"14":[0,0],"15":[0,0],"16":[0,0],"17":[0,0],"18":[0,0],"19":[0,0]}}
,"/home/elvis/.moltbot/services/model-router/src/router.js": {"path":"/home/elvis/.moltbot/services/model-router/src/router.js","statementMap":{"0":{"start":{"line":8,"column":14},"end":{"line":8,"column":30}},"1":{"start":{"line":9,"column":15},"end":{"line":9,"column":32}},"2":{"start":{"line":13,"column":4},"end":{"line":13,"column":25}},"3":{"start":{"line":14,"column":4},"end":{"line":14,"column":23}},"4":{"start":{"line":15,"column":4},"end":{"line":15,"column":25}},"5":{"start":{"line":18,"column":4},"end":{"line":25,"column":7}},"6":{"start":{"line":27,"column":4},"end":{"line":34,"column":7}},"7":{"start":{"line":36,"column":4},"end":{"line":36,"column":48}},"8":{"start":{"line":49,"column":23},"end":{"line":49,"column":46}},"9":{"start":{"line":50,"column":26},"end":{"line":50,"column":54}},"10":{"start":{"line":52,"column":4},"end":{"line":55,"column":5}},"11":{"start":{"line":53,"column":6},"end":{"line":53,"column":77}},"12":{"start":{"line":54,"column":6},"end":{"line":54,"column":86}},"13":{"start":{"line":58,"column":4},"end":{"line":69,"column":5}},"14":{"start":{"line":59,"column":6},"end":{"line":68,"column":7}},"15":{"start":{"line":60,"column":8},"end":{"line":67,"column":9}},"16":{"start":{"line":61,"column":10},"end":{"line":65,"column":13}},"17":{"start":{"line":66,"column":10},"end":{"line":66,"column":85}},"18":{"start":{"line":72,"column":4},"end":{"line":74,"column":5}},"19":{"start":{"line":73,"column":6},"end":{"line":73,"column":90}},"20":{"start":{"line":76,"column":4},"end":{"line":81,"column":5}},"21":{"start":{"line":78,"column":6},"end":{"line":80,"column":7}},"22":{"start":{"line":79,"column":8},"end":{"line":79,"column":95}},"23":{"start":{"line":84,"column":4},"end":{"line":96,"column":5}},"24":{"start":{"line":85,"column":28},"end":{"line":85,"column":57}},"25":{"start":{"line":88,"column":6},"end":{"line":90,"column":7}},"26":{"start":{"line":89,"column":8},"end":{"line":89,"column":87}},"27":{"start":{"line":93,"column":6},"end":{"line":95,"column":7}},"28":{"start":{"line":94,"column":8},"end":{"line":94,"column":87}},"29":{"start":{"line":99,"column":4},"end":{"line":99,"column":66}},"30":{"start":{"line":110,"column":40},"end":{"line":110,"column":49}},"31":{"start":{"line":115,"column":4},"end":{"line":119,"column":5}},"32":{"start":{"line":116,"column":29},"end":{"line":116,"column":73}},"33":{"start":{"line":116,"column":64},"end":{"line":116,"column":72}},"34":{"start":{"line":117,"column":26},"end":{"line":117,"column":93}},"35":{"start":{"line":118,"column":6},"end":{"line":118,"column":43}},"36":{"start":{"line":121,"column":4},"end":{"line":133,"column":5}},"37":{"start":{"line":122,"column":20},"end":{"line":122,"column":70}},"38":{"start":{"line":123,"column":6},"end":{"line":132,"column":7}},"39":{"start":{"line":124,"column":37},"end":{"line":124,"column":42}},"40":{"start":{"line":125,"column":23},"end":{"line":125,"column":82}},"41":{"start":{"line":125,"column":55},"end":{"line":125,"column":81}},"42":{"start":{"line":126,"column":28},"end":{"line":126,"column":95}},"43":{"start":{"line":128,"column":8},"end":{"line":130,"column":9}},"44":{"start":{"line":129,"column":10},"end":{"line":129,"column":61}},"45":{"start":{"line":129,"column":36},"end":{"line":129,"column":59}},"46":{"start":{"line":131,"column":8},"end":{"line":131,"column":44}},"47":{"start":{"line":135,"column":4},"end":{"line":139,"column":5}},"48":{"start":{"line":136,"column":29},"end":{"line":136,"column":74}},"49":{"start":{"line":136,"column":65},"end":{"line":136,"column":73}},"50":{"start":{"line":137,"column":26},"end":{"line":137,"column":93}},"51":{"start":{"line":138,"column":6},"end":{"line":138,"column":91}},"52":{"start":{"line":142,"column":4},"end":{"line":142,"column":88}},"53":{"start":{"line":153,"column":21},"end":{"line":164,"column":5}},"54":{"start":{"line":166,"column":4},"end":{"line":166,"column":27}},"55":{"start":{"line":176,"column":4},"end":{"line":176,"column":24}},"56":{"start":{"line":176,"column":15},"end":{"line":176,"column":24}},"57":{"start":{"line":178,"column":4},"end":{"line":178,"column":38}},"58":{"start":{"line":189,"column":20},"end":{"line":189,"column":67}},"59":{"start":{"line":191,"column":4},"end":{"line":196,"column":6}},"60":{"start":{"line":207,"column":31},"end":{"line":207,"column":46}},"61":{"start":{"line":209,"column":4},"end":{"line":209,"column":97}},"62":{"start":{"line":211,"column":4},"end":{"line":254,"column":5}},"63":{"start":{"line":212,"column":6},"end":{"line":238,"column":7}},"64":{"start":{"line":213,"column":25},"end":{"line":218,"column":10}},"65":{"start":{"line":220,"column":8},"end":{"line":224,"column":10}},"66":{"start":{"line":225,"column":13},"end":{"line":238,"column":7}},"67":{"start":{"line":226,"column":25},"end":{"line":231,"column":10}},"68":{"start":{"line":233,"column":8},"end":{"line":237,"column":10}},"69":{"start":{"line":240,"column":6},"end":{"line":240,"column":53}},"70":{"start":{"line":242,"column":6},"end":{"line":246,"column":9}},"71":{"start":{"line":249,"column":6},"end":{"line":251,"column":7}},"72":{"start":{"line":250,"column":8},"end":{"line":250,"column":63}},"73":{"start":{"line":253,"column":6},"end":{"line":253,"column":18}},"74":{"start":{"line":265,"column":26},"end":{"line":265,"column":65}},"75":{"start":{"line":267,"column":4},"end":{"line":285,"column":5}},"76":{"start":{"line":268,"column":6},"end":{"line":268,"column":59}},"77":{"start":{"line":268,"column":50},"end":{"line":268,"column":59}},"78":{"start":{"line":270,"column":6},"end":{"line":284,"column":7}},"79":{"start":{"line":271,"column":8},"end":{"line":274,"column":11}},"80":{"start":{"line":276,"column":25},"end":{"line":276,"column":70}},"81":{"start":{"line":278,"column":8},"end":{"line":278,"column":64}},"82":{"start":{"line":280,"column":8},"end":{"line":283,"column":11}},"83":{"start":{"line":287,"column":4},"end":{"line":287,"column":53}},"84":{"start":{"line":297,"column":27},"end":{"line":297,"column":86}},"85":{"start":{"line":298,"column":4},"end":{"line":298,"column":41}},"86":{"start":{"line":310,"column":17},"end":{"line":310,"column":59}},"87":{"start":{"line":311,"column":4},"end":{"line":311,"column":66}},"88":{"start":{"line":315,"column":0},"end":{"line":315,"column":29}}},"fnMap":{"0":{"name":"(anonymous_0)","decl":{"start":{"line":12,"column":2},"end":{"line":12,"column":3}},"loc":{"start":{"line":12,"column":37},"end":{"line":37,"column":3}},"line":12},"1":{"name":"(anonymous_1)","decl":{"start":{"line":48,"column":2},"end":{"line":48,"column":3}},"loc":{"start":{"line":48,"column":72},"end":{"line":100,"column":3}},"line":48},"2":{"name":"(anonymous_2)","decl":{"start":{"line":109,"column":2},"end":{"line":109,"column":3}},"loc":{"start":{"line":109,"column":73},"end":{"line":143,"column":3}},"line":109},"3":{"name":"(anonymous_3)","decl":{"start":{"line":116,"column":57},"end":{"line":116,"column":58}},"loc":{"start":{"line":116,"column":64},"end":{"line":116,"column":72}},"line":116},"4":{"name":"(anonymous_4)","decl":{"start":{"line":125,"column":48},"end":{"line":125,"column":49}},"loc":{"start":{"line":125,"column":55},"end":{"line":125,"column":81}},"line":125},"5":{"name":"(anonymous_5)","decl":{"start":{"line":129,"column":29},"end":{"line":129,"column":30}},"loc":{"start":{"line":129,"column":36},"end":{"line":129,"column":59}},"line":129},"6":{"name":"(anonymous_6)","decl":{"start":{"line":136,"column":58},"end":{"line":136,"column":59}},"loc":{"start":{"line":136,"column":65},"end":{"line":136,"column":73}},"line":136},"7":{"name":"(anonymous_7)","decl":{"start":{"line":152,"column":2},"end":{"line":152,"column":3}},"loc":{"start":{"line":152,"column":65},"end":{"line":167,"column":3}},"line":152},"8":{"name":"(anonymous_8)","decl":{"start":{"line":175,"column":2},"end":{"line":175,"column":3}},"loc":{"start":{"line":175,"column":23},"end":{"line":179,"column":3}},"line":175},"9":{"name":"(anonymous_9)","decl":{"start":{"line":188,"column":2},"end":{"line":188,"column":3}},"loc":{"start":{"line":188,"column":31},"end":{"line":197,"column":3}},"line":188},"10":{"name":"(anonymous_10)","decl":{"start":{"line":206,"column":2},"end":{"line":206,"column":3}},"loc":{"start":{"line":206,"column":53},"end":{"line":255,"column":3}},"line":206},"11":{"name":"(anonymous_11)","decl":{"start":{"line":264,"column":2},"end":{"line":264,"column":3}},"loc":{"start":{"line":264,"column":50},"end":{"line":288,"column":3}},"line":264},"12":{"name":"(anonymous_12)","decl":{"start":{"line":296,"column":2},"end":{"line":296,"column":3}},"loc":{"start":{"line":296,"column":20},"end":{"line":299,"column":3}},"line":296},"13":{"name":"(anonymous_13)","decl":{"start":{"line":309,"column":2},"end":{"line":309,"column":3}},"loc":{"start":{"line":309,"column":43},"end":{"line":312,"column":3}},"line":309}},"branchMap":{"0":{"loc":{"start":{"line":48,"column":29},"end":{"line":48,"column":40}},"type":"default-arg","locations":[{"start":{"line":48,"column":38},"end":{"line":48,"column":40}}],"line":48},"1":{"loc":{"start":{"line":48,"column":42},"end":{"line":48,"column":54}},"type":"default-arg","locations":[{"start":{"line":48,"column":52},"end":{"line":48,"column":54}}],"line":48},"2":{"loc":{"start":{"line":48,"column":56},"end":{"line":48,"column":70}},"type":"default-arg","locations":[{"start":{"line":48,"column":66},"end":{"line":48,"column":70}}],"line":48},"3":{"loc":{"start":{"line":52,"column":4},"end":{"line":55,"column":5}},"type":"if","locations":[{"start":{"line":52,"column":4},"end":{"line":55,"column":5}},{"start":{},"end":{}}],"line":52},"4":{"loc":{"start":{"line":58,"column":4},"end":{"line":69,"column":5}},"type":"if","locations":[{"start":{"line":58,"column":4},"end":{"line":69,"column":5}},{"start":{},"end":{}}],"line":58},"5":{"loc":{"start":{"line":60,"column":8},"end":{"line":67,"column":9}},"type":"if","locations":[{"start":{"line":60,"column":8},"end":{"line":67,"column":9}},{"start":{},"end":{}}],"line":60},"6":{"loc":{"start":{"line":72,"column":4},"end":{"line":74,"column":5}},"type":"if","locations":[{"start":{"line":72,"column":4},"end":{"line":74,"column":5}},{"start":{},"end":{}}],"line":72},"7":{"loc":{"start":{"line":76,"column":4},"end":{"line":81,"column":5}},"type":"if","locations":[{"start":{"line":76,"column":4},"end":{"line":81,"column":5}},{"start":{},"end":{}}],"line":76},"8":{"loc":{"start":{"line":78,"column":6},"end":{"line":80,"column":7}},"type":"if","locations":[{"start":{"line":78,"column":6},"end":{"line":80,"column":7}},{"start":{},"end":{}}],"line":78},"9":{"loc":{"start":{"line":78,"column":10},"end":{"line":78,"column":65}},"type":"binary-expr","locations":[{"start":{"line":78,"column":10},"end":{"line":78,"column":35}},{"start":{"line":78,"column":39},"end":{"line":78,"column":65}}],"line":78},"10":{"loc":{"start":{"line":84,"column":4},"end":{"line":96,"column":5}},"type":"if","locations":[{"start":{"line":84,"column":4},"end":{"line":96,"column":5}},{"start":{},"end":{}}],"line":84},"11":{"loc":{"start":{"line":84,"column":8},"end":{"line":84,"column":48}},"type":"binary-expr","locations":[{"start":{"line":84,"column":8},"end":{"line":84,"column":15}},{"start":{"line":84,"column":19},"end":{"line":84,"column":48}}],"line":84},"12":{"loc":{"start":{"line":88,"column":6},"end":{"line":90,"column":7}},"type":"if","locations":[{"start":{"line":88,"column":6},"end":{"line":90,"column":7}},{"start":{},"end":{}}],"line":88},"13":{"loc":{"start":{"line":88,"column":10},"end":{"line":88,"column":92}},"type":"binary-expr","locations":[{"start":{"line":88,"column":10},"end":{"line":88,"column":59}},{"start":{"line":88,"column":63},"end":{"line":88,"column":92}}],"line":88},"14":{"loc":{"start":{"line":93,"column":6},"end":{"line":95,"column":7}},"type":"if","locations":[{"start":{"line":93,"column":6},"end":{"line":95,"column":7}},{"start":{},"end":{}}],"line":93},"15":{"loc":{"start":{"line":115,"column":4},"end":{"line":119,"column":5}},"type":"if","locations":[{"start":{"line":115,"column":4},"end":{"line":119,"column":5}},{"start":{},"end":{}}],"line":115},"16":{"loc":{"start":{"line":121,"column":4},"end":{"line":133,"column":5}},"type":"if","locations":[{"start":{"line":121,"column":4},"end":{"line":133,"column":5}},{"start":{},"end":{}}],"line":121},"17":{"loc":{"start":{"line":123,"column":6},"end":{"line":132,"column":7}},"type":"if","locations":[{"start":{"line":123,"column":6},"end":{"line":132,"column":7}},{"start":{},"end":{}}],"line":123},"18":{"loc":{"start":{"line":128,"column":8},"end":{"line":130,"column":9}},"type":"if","locations":[{"start":{"line":128,"column":8},"end":{"line":130,"column":9}},{"start":{},"end":{}}],"line":128},"19":{"loc":{"start":{"line":135,"column":4},"end":{"line":139,"column":5}},"type":"if","locations":[{"start":{"line":135,"column":4},"end":{"line":139,"column":5}},{"start":{},"end":{}}],"line":135},"20":{"loc":{"start":{"line":138,"column":30},"end":{"line":138,"column":89}},"type":"cond-expr","locations":[{"start":{"line":138,"column":49},"end":{"line":138,"column":53}},{"start":{"line":138,"column":56},"end":{"line":138,"column":89}}],"line":138},"21":{"loc":{"start":{"line":138,"column":56},"end":{"line":138,"column":89}},"type":"cond-expr","locations":[{"start":{"line":138,"column":76},"end":{"line":138,"column":81}},{"start":{"line":138,"column":84},"end":{"line":138,"column":89}}],"line":138},"22":{"loc":{"start":{"line":156,"column":34},"end":{"line":156,"column":73}},"type":"binary-expr","locations":[{"start":{"line":156,"column":34},"end":{"line":156,"column":68}},{"start":{"line":156,"column":72},"end":{"line":156,"column":73}}],"line":156},"23":{"loc":{"start":{"line":176,"column":4},"end":{"line":176,"column":24}},"type":"if","locations":[{"start":{"line":176,"column":4},"end":{"line":176,"column":24}},{"start":{},"end":{}}],"line":176},"24":{"loc":{"start":{"line":189,"column":20},"end":{"line":189,"column":67}},"type":"cond-expr","locations":[{"start":{"line":189,"column":50},"end":{"line":189,"column":58}},{"start":{"line":189,"column":61},"end":{"line":189,"column":67}}],"line":189},"25":{"loc":{"start":{"line":212,"column":6},"end":{"line":238,"column":7}},"type":"if","locations":[{"start":{"line":212,"column":6},"end":{"line":238,"column":7}},{"start":{"line":225,"column":13},"end":{"line":238,"column":7}}],"line":212},"26":{"loc":{"start":{"line":225,"column":13},"end":{"line":238,"column":7}},"type":"if","locations":[{"start":{"line":225,"column":13},"end":{"line":238,"column":7}},{"start":{},"end":{}}],"line":225},"27":{"loc":{"start":{"line":249,"column":6},"end":{"line":251,"column":7}},"type":"if","locations":[{"start":{"line":249,"column":6},"end":{"line":251,"column":7}},{"start":{},"end":{}}],"line":249},"28":{"loc":{"start":{"line":265,"column":26},"end":{"line":265,"column":65}},"type":"binary-expr","locations":[{"start":{"line":265,"column":26},"end":{"line":265,"column":59}},{"start":{"line":265,"column":63},"end":{"line":265,"column":65}}],"line":265},"29":{"loc":{"start":{"line":268,"column":6},"end":{"line":268,"column":59}},"type":"if","locations":[{"start":{"line":268,"column":6},"end":{"line":268,"column":59}},{"start":{},"end":{}}],"line":268},"30":{"loc":{"start":{"line":297,"column":39},"end":{"line":297,"column":85}},"type":"binary-expr","locations":[{"start":{"line":297,"column":39},"end":{"line":297,"column":79}},{"start":{"line":297,"column":83},"end":{"line":297,"column":85}}],"line":297}},"s":{"0":0,"1":0,"2":0,"3":0,"4":0,"5":0,"6":0,"7":0,"8":0,"9":0,"10":0,"11":0,"12":0,"13":0,"14":0,"15":0,"16":0,"17":0,"18":0,"19":0,"20":0,"21":0,"22":0,"23":0,"24":0,"25":0,"26":0,"27":0,"28":0,"29":0,"30":0,"31":0,"32":0,"33":0,"34":0,"35":0,"36":0,"37":0,"38":0,"39":0,"40":0,"41":0,"42":0,"43":0,"44":0,"45":0,"46":0,"47":0,"48":0,"49":0,"50":0,"51":0,"52":0,"53":0,"54":0,"55":0,"56":0,"57":0,"58":0,"59":0,"60":0,"61":0,"62":0,"63":0,"64":0,"65":0,"66":0,"67":0,"68":0,"69":0,"70":0,"71":0,"72":0,"73":0,"74":0,"75":0,"76":0,"77":0,"78":0,"79":0,"80":0,"81":0,"82":0,"83":0,"84":0,"85":0,"86":0,"87":0,"88":0},"f":{"0":0,"1":0,"2":0,"3":0,"4":0,"5":0,"6":0,"7":0,"8":0,"9":0,"10":0,"11":0,"12":0,"13":0},"b":{"0":[0],"1":[0],"2":[0],"3":[0,0],"4":[0,0],"5":[0,0],"6":[0,0],"7":[0,0],"8":[0,0],"9":[0,0],"10":[0,0],"11":[0,0],"12":[0,0],"13":[0,0],"14":[0,0],"15":[0,0],"16":[0,0],"17":[0,0],"18":[0,0],"19":[0,0],"20":[0,0],"21":[0,0],"22":[0,0],"23":[0,0],"24":[0,0],"25":[0,0],"26":[0,0],"27":[0,0],"28":[0,0],"29":[0,0],"30":[0,0]}}
,"/home/elvis/.moltbot/services/model-router/src/middleware/moltbook-auth.js": {"path":"/home/elvis/.moltbot/services/model-router/src/middleware/moltbook-auth.js","statementMap":{"0":{"start":{"line":8,"column":14},"end":{"line":8,"column":30}},"1":{"start":{"line":10,"column":26},"end":{"line":10,"column":55}},"2":{"start":{"line":11,"column":25},"end":{"line":11,"column":53}},"3":{"start":{"line":12,"column":19},"end":{"line":12,"column":60}},"4":{"start":{"line":15,"column":19},"end":{"line":15,"column":28}},"5":{"start":{"line":16,"column":21},"end":{"line":16,"column":34}},"6":{"start":{"line":27,"column":17},"end":{"line":27,"column":38}},"7":{"start":{"line":28,"column":2},"end":{"line":30,"column":3}},"8":{"start":{"line":29,"column":4},"end":{"line":29,"column":24}},"9":{"start":{"line":32,"column":2},"end":{"line":34,"column":3}},"10":{"start":{"line":33,"column":4},"end":{"line":33,"column":55}},"11":{"start":{"line":36,"column":2},"end":{"line":78,"column":3}},"12":{"start":{"line":37,"column":21},"end":{"line":50,"column":5}},"13":{"start":{"line":52,"column":17},"end":{"line":52,"column":30}},"14":{"start":{"line":54,"column":4},"end":{"line":59,"column":5}},"15":{"start":{"line":55,"column":20},"end":{"line":55,"column":69}},"16":{"start":{"line":56,"column":6},"end":{"line":56,"column":48}},"17":{"start":{"line":57,"column":6},"end":{"line":57,"column":29}},"18":{"start":{"line":58,"column":6},"end":{"line":58,"column":18}},"19":{"start":{"line":62,"column":4},"end":{"line":65,"column":7}},"20":{"start":{"line":67,"column":4},"end":{"line":67,"column":22}},"21":{"start":{"line":69,"column":4},"end":{"line":76,"column":5}},"22":{"start":{"line":71,"column":23},"end":{"line":71,"column":94}},"23":{"start":{"line":72,"column":6},"end":{"line":72,"column":73}},"24":{"start":{"line":73,"column":6},"end":{"line":73,"column":46}},"25":{"start":{"line":74,"column":6},"end":{"line":74,"column":48}},"26":{"start":{"line":75,"column":6},"end":{"line":75,"column":21}},"27":{"start":{"line":77,"column":4},"end":{"line":77,"column":16}},"28":{"start":{"line":87,"column":38},"end":{"line":87,"column":45}},"29":{"start":{"line":89,"column":2},"end":{"line":168,"column":4}},"30":{"start":{"line":90,"column":26},"end":{"line":90,"column":60}},"31":{"start":{"line":93,"column":4},"end":{"line":96,"column":5}},"32":{"start":{"line":94,"column":6},"end":{"line":94,"column":31}},"33":{"start":{"line":95,"column":6},"end":{"line":95,"column":20}},"34":{"start":{"line":99,"column":4},"end":{"line":106,"column":5}},"35":{"start":{"line":100,"column":6},"end":{"line":105,"column":9}},"36":{"start":{"line":108,"column":4},"end":{"line":167,"column":5}},"37":{"start":{"line":109,"column":20},"end":{"line":109,"column":60}},"38":{"start":{"line":112,"column":6},"end":{"line":112,"column":32}},"39":{"start":{"line":114,"column":6},"end":{"line":120,"column":7}},"40":{"start":{"line":115,"column":8},"end":{"line":119,"column":11}},"41":{"start":{"line":122,"column":6},"end":{"line":122,"column":13}},"42":{"start":{"line":124,"column":6},"end":{"line":130,"column":7}},"43":{"start":{"line":125,"column":8},"end":{"line":129,"column":11}},"44":{"start":{"line":133,"column":6},"end":{"line":140,"column":7}},"45":{"start":{"line":134,"column":8},"end":{"line":139,"column":11}},"46":{"start":{"line":142,"column":6},"end":{"line":149,"column":7}},"47":{"start":{"line":143,"column":8},"end":{"line":148,"column":11}},"48":{"start":{"line":151,"column":6},"end":{"line":158,"column":7}},"49":{"start":{"line":152,"column":8},"end":{"line":157,"column":11}},"50":{"start":{"line":161,"column":6},"end":{"line":166,"column":9}},"51":{"start":{"line":175,"column":2},"end":{"line":175,"column":65}},"52":{"start":{"line":182,"column":2},"end":{"line":182,"column":104}},"53":{"start":{"line":189,"column":2},"end":{"line":189,"column":21}},"54":{"start":{"line":192,"column":0},"end":{"line":198,"column":2}}},"fnMap":{"0":{"name":"verifyIdentityToken","decl":{"start":{"line":25,"column":15},"end":{"line":25,"column":34}},"loc":{"start":{"line":25,"column":42},"end":{"line":79,"column":1}},"line":25},"1":{"name":"moltbookAuthMiddleware","decl":{"start":{"line":86,"column":9},"end":{"line":86,"column":31}},"loc":{"start":{"line":86,"column":46},"end":{"line":169,"column":1}},"line":86},"2":{"name":"(anonymous_2)","decl":{"start":{"line":89,"column":9},"end":{"line":89,"column":10}},"loc":{"start":{"line":89,"column":35},"end":{"line":168,"column":3}},"line":89},"3":{"name":"optionalMoltbookAuth","decl":{"start":{"line":174,"column":9},"end":{"line":174,"column":29}},"loc":{"start":{"line":174,"column":44},"end":{"line":176,"column":1}},"line":174},"4":{"name":"getAuthInstructionsUrl","decl":{"start":{"line":181,"column":9},"end":{"line":181,"column":31}},"loc":{"start":{"line":181,"column":42},"end":{"line":183,"column":1}},"line":181},"5":{"name":"clearTokenCache","decl":{"start":{"line":188,"column":9},"end":{"line":188,"column":24}},"loc":{"start":{"line":188,"column":27},"end":{"line":190,"column":1}},"line":188}},"branchMap":{"0":{"loc":{"start":{"line":12,"column":19},"end":{"line":12,"column":60}},"type":"binary-expr","locations":[{"start":{"line":12,"column":19},"end":{"line":12,"column":41}},{"start":{"line":12,"column":45},"end":{"line":12,"column":60}}],"line":12},"1":{"loc":{"start":{"line":28,"column":2},"end":{"line":30,"column":3}},"type":"if","locations":[{"start":{"line":28,"column":2},"end":{"line":30,"column":3}},{"start":{},"end":{}}],"line":28},"2":{"loc":{"start":{"line":28,"column":6},"end":{"line":28,"column":45}},"type":"binary-expr","locations":[{"start":{"line":28,"column":6},"end":{"line":28,"column":12}},{"start":{"line":28,"column":16},"end":{"line":28,"column":45}}],"line":28},"3":{"loc":{"start":{"line":32,"column":2},"end":{"line":34,"column":3}},"type":"if","locations":[{"start":{"line":32,"column":2},"end":{"line":34,"column":3}},{"start":{},"end":{}}],"line":32},"4":{"loc":{"start":{"line":54,"column":4},"end":{"line":59,"column":5}},"type":"if","locations":[{"start":{"line":54,"column":4},"end":{"line":59,"column":5}},{"start":{},"end":{}}],"line":54},"5":{"loc":{"start":{"line":55,"column":30},"end":{"line":55,"column":68}},"type":"binary-expr","locations":[{"start":{"line":55,"column":30},"end":{"line":55,"column":40}},{"start":{"line":55,"column":44},"end":{"line":55,"column":68}}],"line":55},"6":{"loc":{"start":{"line":56,"column":19},"end":{"line":56,"column":47}},"type":"binary-expr","locations":[{"start":{"line":56,"column":19},"end":{"line":56,"column":28}},{"start":{"line":56,"column":32},"end":{"line":56,"column":47}}],"line":56},"7":{"loc":{"start":{"line":69,"column":4},"end":{"line":76,"column":5}},"type":"if","locations":[{"start":{"line":69,"column":4},"end":{"line":76,"column":5}},{"start":{},"end":{}}],"line":69},"8":{"loc":{"start":{"line":71,"column":33},"end":{"line":71,"column":93}},"type":"binary-expr","locations":[{"start":{"line":71,"column":33},"end":{"line":71,"column":59}},{"start":{"line":71,"column":63},"end":{"line":71,"column":93}}],"line":71},"9":{"loc":{"start":{"line":72,"column":22},"end":{"line":72,"column":72}},"type":"binary-expr","locations":[{"start":{"line":72,"column":22},"end":{"line":72,"column":47}},{"start":{"line":72,"column":51},"end":{"line":72,"column":72}}],"line":72},"10":{"loc":{"start":{"line":86,"column":32},"end":{"line":86,"column":44}},"type":"default-arg","locations":[{"start":{"line":86,"column":42},"end":{"line":86,"column":44}}],"line":86},"11":{"loc":{"start":{"line":87,"column":10},"end":{"line":87,"column":25}},"type":"default-arg","locations":[{"start":{"line":87,"column":21},"end":{"line":87,"column":25}}],"line":87},"12":{"loc":{"start":{"line":93,"column":4},"end":{"line":96,"column":5}},"type":"if","locations":[{"start":{"line":93,"column":4},"end":{"line":96,"column":5}},{"start":{},"end":{}}],"line":93},"13":{"loc":{"start":{"line":93,"column":8},"end":{"line":93,"column":35}},"type":"binary-expr","locations":[{"start":{"line":93,"column":8},"end":{"line":93,"column":17}},{"start":{"line":93,"column":21},"end":{"line":93,"column":35}}],"line":93},"14":{"loc":{"start":{"line":99,"column":4},"end":{"line":106,"column":5}},"type":"if","locations":[{"start":{"line":99,"column":4},"end":{"line":106,"column":5}},{"start":{},"end":{}}],"line":99},"15":{"loc":{"start":{"line":114,"column":6},"end":{"line":120,"column":7}},"type":"if","locations":[{"start":{"line":114,"column":6},"end":{"line":120,"column":7}},{"start":{},"end":{}}],"line":114},"16":{"loc":{"start":{"line":124,"column":6},"end":{"line":130,"column":7}},"type":"if","locations":[{"start":{"line":124,"column":6},"end":{"line":130,"column":7}},{"start":{},"end":{}}],"line":124},"17":{"loc":{"start":{"line":133,"column":6},"end":{"line":140,"column":7}},"type":"if","locations":[{"start":{"line":133,"column":6},"end":{"line":140,"column":7}},{"start":{},"end":{}}],"line":133},"18":{"loc":{"start":{"line":142,"column":6},"end":{"line":149,"column":7}},"type":"if","locations":[{"start":{"line":142,"column":6},"end":{"line":149,"column":7}},{"start":{},"end":{}}],"line":142},"19":{"loc":{"start":{"line":151,"column":6},"end":{"line":158,"column":7}},"type":"if","locations":[{"start":{"line":151,"column":6},"end":{"line":158,"column":7}},{"start":{},"end":{}}],"line":151},"20":{"loc":{"start":{"line":151,"column":10},"end":{"line":151,"column":64}},"type":"binary-expr","locations":[{"start":{"line":151,"column":10},"end":{"line":151,"column":40}},{"start":{"line":151,"column":44},"end":{"line":151,"column":64}}],"line":151},"21":{"loc":{"start":{"line":154,"column":17},"end":{"line":154,"column":58}},"type":"binary-expr","locations":[{"start":{"line":154,"column":17},"end":{"line":154,"column":30}},{"start":{"line":154,"column":34},"end":{"line":154,"column":58}}],"line":154},"22":{"loc":{"start":{"line":156,"column":16},"end":{"line":156,"column":62}},"type":"binary-expr","locations":[{"start":{"line":156,"column":16},"end":{"line":156,"column":26}},{"start":{"line":156,"column":30},"end":{"line":156,"column":62}}],"line":156},"23":{"loc":{"start":{"line":174,"column":30},"end":{"line":174,"column":42}},"type":"default-arg","locations":[{"start":{"line":174,"column":40},"end":{"line":174,"column":42}}],"line":174}},"s":{"0":0,"1":0,"2":0,"3":0,"4":0,"5":0,"6":0,"7":0,"8":0,"9":0,"10":0,"11":0,"12":0,"13":0,"14":0,"15":0,"16":0,"17":0,"18":0,"19":0,"20":0,"21":0,"22":0,"23":0,"24":0,"25":0,"26":0,"27":0,"28":0,"29":0,"30":0,"31":0,"32":0,"33":0,"34":0,"35":0,"36":0,"37":0,"38":0,"39":0,"40":0,"41":0,"42":0,"43":0,"44":0,"45":0,"46":0,"47":0,"48":0,"49":0,"50":0,"51":0,"52":0,"53":0,"54":0},"f":{"0":0,"1":0,"2":0,"3":0,"4":0,"5":0},"b":{"0":[0,0],"1":[0,0],"2":[0,0],"3":[0,0],"4":[0,0],"5":[0,0],"6":[0,0],"7":[0,0],"8":[0,0],"9":[0,0],"10":[0],"11":[0],"12":[0,0],"13":[0,0],"14":[0,0],"15":[0,0],"16":[0,0],"17":[0,0],"18":[0,0],"19":[0,0],"20":[0,0],"21":[0,0],"22":[0,0],"23":[0]}}
,"/home/elvis/.moltbot/services/ntfy-publisher/src/index.js": {"path":"/home/elvis/.moltbot/services/ntfy-publisher/src/index.js","statementMap":{"0":{"start":{"line":10,"column":0},"end":{"line":10,"column":16}},"1":{"start":{"line":13,"column":17},"end":{"line":13,"column":68}},"2":{"start":{"line":14,"column":19},"end":{"line":14,"column":66}},"3":{"start":{"line":15,"column":17},"end":{"line":15,"column":37}},"4":{"start":{"line":16,"column":16},"end":{"line":16,"column":51}},"5":{"start":{"line":17,"column":13},"end":{"line":17,"column":37}},"6":{"start":{"line":18,"column":18},"end":{"line":18,"column":49}},"7":{"start":{"line":21,"column":19},"end":{"line":26,"column":1}},"8":{"start":{"line":29,"column":20},"end":{"line":34,"column":1}},"9":{"start":{"line":40,"column":17},"end":{"line":40,"column":57}},"10":{"start":{"line":41,"column":23},"end":{"line":41,"column":45}},"11":{"start":{"line":43,"column":2},"end":{"line":52,"column":3}},"12":{"start":{"line":44,"column":4},"end":{"line":51,"column":6}},"13":{"start":{"line":63,"column":2},"end":{"line":66,"column":3}},"14":{"start":{"line":64,"column":4},"end":{"line":64,"column":53}},"15":{"start":{"line":65,"column":4},"end":{"line":65,"column":49}},"16":{"start":{"line":68,"column":2},"end":{"line":71,"column":3}},"17":{"start":{"line":69,"column":4},"end":{"line":69,"column":57}},"18":{"start":{"line":70,"column":4},"end":{"line":70,"column":40}},"19":{"start":{"line":74,"column":21},"end":{"line":74,"column":65}},"20":{"start":{"line":75,"column":2},"end":{"line":78,"column":3}},"21":{"start":{"line":76,"column":4},"end":{"line":76,"column":66}},"22":{"start":{"line":77,"column":4},"end":{"line":77,"column":20}},"23":{"start":{"line":80,"column":19},"end":{"line":80,"column":69}},"24":{"start":{"line":81,"column":16},"end":{"line":81,"column":41}},"25":{"start":{"line":84,"column":14},"end":{"line":84,"column":50}},"26":{"start":{"line":87,"column":18},"end":{"line":92,"column":3}},"27":{"start":{"line":95,"column":2},"end":{"line":99,"column":3}},"28":{"start":{"line":96,"column":4},"end":{"line":96,"column":82}},"29":{"start":{"line":98,"column":4},"end":{"line":98,"column":40}},"30":{"start":{"line":101,"column":2},"end":{"line":103,"column":3}},"31":{"start":{"line":102,"column":4},"end":{"line":102,"column":41}},"32":{"start":{"line":105,"column":2},"end":{"line":107,"column":3}},"33":{"start":{"line":106,"column":4},"end":{"line":106,"column":58}},"34":{"start":{"line":110,"column":23},"end":{"line":110,"column":58}},"35":{"start":{"line":112,"column":22},"end":{"line":112,"column":70}},"36":{"start":{"line":114,"column":2},"end":{"line":154,"column":5}},"37":{"start":{"line":115,"column":20},"end":{"line":122,"column":5}},"38":{"start":{"line":124,"column":16},"end":{"line":137,"column":6}},"39":{"start":{"line":125,"column":17},"end":{"line":125,"column":19}},"40":{"start":{"line":126,"column":6},"end":{"line":126,"column":49}},"41":{"start":{"line":126,"column":33},"end":{"line":126,"column":46}},"42":{"start":{"line":127,"column":6},"end":{"line":136,"column":9}},"43":{"start":{"line":128,"column":8},"end":{"line":135,"column":9}},"44":{"start":{"line":129,"column":10},"end":{"line":129,"column":90}},"45":{"start":{"line":130,"column":10},"end":{"line":130,"column":65}},"46":{"start":{"line":132,"column":10},"end":{"line":132,"column":92}},"47":{"start":{"line":133,"column":10},"end":{"line":133,"column":92}},"48":{"start":{"line":134,"column":10},"end":{"line":134,"column":71}},"49":{"start":{"line":139,"column":4},"end":{"line":143,"column":7}},"50":{"start":{"line":140,"column":6},"end":{"line":140,"column":62}},"51":{"start":{"line":141,"column":6},"end":{"line":141,"column":49}},"52":{"start":{"line":142,"column":6},"end":{"line":142,"column":56}},"53":{"start":{"line":145,"column":4},"end":{"line":150,"column":7}},"54":{"start":{"line":146,"column":6},"end":{"line":146,"column":20}},"55":{"start":{"line":147,"column":6},"end":{"line":147,"column":61}},"56":{"start":{"line":148,"column":6},"end":{"line":148,"column":72}},"57":{"start":{"line":149,"column":6},"end":{"line":149,"column":52}},"58":{"start":{"line":152,"column":4},"end":{"line":152,"column":27}},"59":{"start":{"line":153,"column":4},"end":{"line":153,"column":14}},"60":{"start":{"line":161,"column":2},"end":{"line":174,"column":3}},"61":{"start":{"line":162,"column":21},"end":{"line":168,"column":5}},"62":{"start":{"line":170,"column":20},"end":{"line":170,"column":47}},"63":{"start":{"line":171,"column":4},"end":{"line":171,"column":66}},"64":{"start":{"line":173,"column":4},"end":{"line":173,"column":92}},"65":{"start":{"line":180,"column":28},"end":{"line":180,"column":92}},"66":{"start":{"line":180,"column":54},"end":{"line":180,"column":92}},"67":{"start":{"line":181,"column":27},"end":{"line":181,"column":90}},"68":{"start":{"line":181,"column":53},"end":{"line":181,"column":90}},"69":{"start":{"line":182,"column":31},"end":{"line":182,"column":98}},"70":{"start":{"line":182,"column":57},"end":{"line":182,"column":98}},"71":{"start":{"line":183,"column":30},"end":{"line":183,"column":96}},"72":{"start":{"line":183,"column":56},"end":{"line":183,"column":96}},"73":{"start":{"line":186,"column":12},"end":{"line":186,"column":21}},"74":{"start":{"line":189,"column":0},"end":{"line":205,"column":2}},"75":{"start":{"line":208,"column":23},"end":{"line":210,"column":79}},"76":{"start":{"line":212,"column":0},"end":{"line":225,"column":2}},"77":{"start":{"line":216,"column":6},"end":{"line":220,"column":7}},"78":{"start":{"line":217,"column":8},"end":{"line":217,"column":29}},"79":{"start":{"line":219,"column":8},"end":{"line":219,"column":51}},"80":{"start":{"line":228,"column":16},"end":{"line":234,"column":2}},"81":{"start":{"line":236,"column":0},"end":{"line":236,"column":17}},"82":{"start":{"line":237,"column":0},"end":{"line":237,"column":40}},"83":{"start":{"line":240,"column":0},"end":{"line":243,"column":3}},"84":{"start":{"line":241,"column":2},"end":{"line":241,"column":60}},"85":{"start":{"line":242,"column":2},"end":{"line":242,"column":9}},"86":{"start":{"line":249,"column":0},"end":{"line":273,"column":3}},"87":{"start":{"line":250,"column":2},"end":{"line":272,"column":3}},"88":{"start":{"line":251,"column":52},"end":{"line":251,"column":60}},"89":{"start":{"line":254,"column":4},"end":{"line":258,"column":5}},"90":{"start":{"line":255,"column":6},"end":{"line":257,"column":9}},"91":{"start":{"line":261,"column":4},"end":{"line":265,"column":5}},"92":{"start":{"line":262,"column":6},"end":{"line":264,"column":9}},"93":{"start":{"line":267,"column":19},"end":{"line":267,"column":75}},"94":{"start":{"line":268,"column":4},"end":{"line":268,"column":21}},"95":{"start":{"line":270,"column":4},"end":{"line":270,"column":84}},"96":{"start":{"line":271,"column":4},"end":{"line":271,"column":51}},"97":{"start":{"line":278,"column":0},"end":{"line":286,"column":3}},"98":{"start":{"line":279,"column":2},"end":{"line":285,"column":5}},"99":{"start":{"line":291,"column":0},"end":{"line":304,"column":3}},"100":{"start":{"line":292,"column":2},"end":{"line":303,"column":3}},"101":{"start":{"line":293,"column":20},"end":{"line":293,"column":47}},"102":{"start":{"line":294,"column":17},"end":{"line":294,"column":52}},"103":{"start":{"line":295,"column":20},"end":{"line":299,"column":38}},"104":{"start":{"line":299,"column":21},"end":{"line":299,"column":37}},"105":{"start":{"line":300,"column":4},"end":{"line":300,"column":22}},"106":{"start":{"line":302,"column":4},"end":{"line":302,"column":17}},"107":{"start":{"line":307,"column":0},"end":{"line":310,"column":3}},"108":{"start":{"line":308,"column":2},"end":{"line":308,"column":58}},"109":{"start":{"line":309,"column":2},"end":{"line":309,"column":59}},"110":{"start":{"line":313,"column":0},"end":{"line":325,"column":3}},"111":{"start":{"line":314,"column":2},"end":{"line":314,"column":66}},"112":{"start":{"line":315,"column":2},"end":{"line":315,"column":89}},"113":{"start":{"line":318,"column":2},"end":{"line":324,"column":3}},"114":{"start":{"line":319,"column":4},"end":{"line":323,"column":6}}},"fnMap":{"0":{"name":"log","decl":{"start":{"line":39,"column":9},"end":{"line":39,"column":12}},"loc":{"start":{"line":39,"column":40},"end":{"line":53,"column":1}},"line":39},"1":{"name":"notify","decl":{"start":{"line":62,"column":22},"end":{"line":62,"column":28}},"loc":{"start":{"line":62,"column":66},"end":{"line":155,"column":1}},"line":62},"2":{"name":"(anonymous_2)","decl":{"start":{"line":114,"column":21},"end":{"line":114,"column":22}},"loc":{"start":{"line":114,"column":34},"end":{"line":154,"column":3}},"line":114},"3":{"name":"(anonymous_3)","decl":{"start":{"line":124,"column":39},"end":{"line":124,"column":40}},"loc":{"start":{"line":124,"column":48},"end":{"line":137,"column":5}},"line":124},"4":{"name":"(anonymous_4)","decl":{"start":{"line":126,"column":21},"end":{"line":126,"column":22}},"loc":{"start":{"line":126,"column":33},"end":{"line":126,"column":46}},"line":126},"5":{"name":"(anonymous_5)","decl":{"start":{"line":127,"column":20},"end":{"line":127,"column":21}},"loc":{"start":{"line":127,"column":26},"end":{"line":136,"column":7}},"line":127},"6":{"name":"(anonymous_6)","decl":{"start":{"line":139,"column":20},"end":{"line":139,"column":21}},"loc":{"start":{"line":139,"column":31},"end":{"line":143,"column":5}},"line":139},"7":{"name":"(anonymous_7)","decl":{"start":{"line":145,"column":22},"end":{"line":145,"column":23}},"loc":{"start":{"line":145,"column":28},"end":{"line":150,"column":5}},"line":145},"8":{"name":"logToFallback","decl":{"start":{"line":160,"column":15},"end":{"line":160,"column":28}},"loc":{"start":{"line":160,"column":58},"end":{"line":175,"column":1}},"line":160},"9":{"name":"(anonymous_9)","decl":{"start":{"line":180,"column":28},"end":{"line":180,"column":29}},"loc":{"start":{"line":180,"column":54},"end":{"line":180,"column":92}},"line":180},"10":{"name":"(anonymous_10)","decl":{"start":{"line":181,"column":27},"end":{"line":181,"column":28}},"loc":{"start":{"line":181,"column":53},"end":{"line":181,"column":90}},"line":181},"11":{"name":"(anonymous_11)","decl":{"start":{"line":182,"column":31},"end":{"line":182,"column":32}},"loc":{"start":{"line":182,"column":57},"end":{"line":182,"column":98}},"line":182},"12":{"name":"(anonymous_12)","decl":{"start":{"line":183,"column":30},"end":{"line":183,"column":31}},"loc":{"start":{"line":183,"column":56},"end":{"line":183,"column":96}},"line":183},"13":{"name":"(anonymous_13)","decl":{"start":{"line":214,"column":12},"end":{"line":214,"column":13}},"loc":{"start":{"line":214,"column":34},"end":{"line":221,"column":5}},"line":214},"14":{"name":"(anonymous_14)","decl":{"start":{"line":240,"column":8},"end":{"line":240,"column":9}},"loc":{"start":{"line":240,"column":28},"end":{"line":243,"column":1}},"line":240},"15":{"name":"(anonymous_15)","decl":{"start":{"line":249,"column":20},"end":{"line":249,"column":21}},"loc":{"start":{"line":249,"column":40},"end":{"line":273,"column":1}},"line":249},"16":{"name":"(anonymous_16)","decl":{"start":{"line":278,"column":19},"end":{"line":278,"column":20}},"loc":{"start":{"line":278,"column":33},"end":{"line":286,"column":1}},"line":278},"17":{"name":"(anonymous_17)","decl":{"start":{"line":291,"column":26},"end":{"line":291,"column":27}},"loc":{"start":{"line":291,"column":46},"end":{"line":304,"column":1}},"line":291},"18":{"name":"(anonymous_18)","decl":{"start":{"line":299,"column":11},"end":{"line":299,"column":12}},"loc":{"start":{"line":299,"column":21},"end":{"line":299,"column":37}},"line":299},"19":{"name":"(anonymous_19)","decl":{"start":{"line":307,"column":8},"end":{"line":307,"column":9}},"loc":{"start":{"line":307,"column":34},"end":{"line":310,"column":1}},"line":307},"20":{"name":"(anonymous_20)","decl":{"start":{"line":313,"column":28},"end":{"line":313,"column":29}},"loc":{"start":{"line":313,"column":34},"end":{"line":325,"column":1}},"line":313}},"branchMap":{"0":{"loc":{"start":{"line":13,"column":17},"end":{"line":13,"column":68}},"type":"binary-expr","locations":[{"start":{"line":13,"column":17},"end":{"line":13,"column":37}},{"start":{"line":13,"column":41},"end":{"line":13,"column":68}}],"line":13},"1":{"loc":{"start":{"line":14,"column":19},"end":{"line":14,"column":66}},"type":"binary-expr","locations":[{"start":{"line":14,"column":19},"end":{"line":14,"column":41}},{"start":{"line":14,"column":45},"end":{"line":14,"column":66}}],"line":14},"2":{"loc":{"start":{"line":17,"column":13},"end":{"line":17,"column":37}},"type":"binary-expr","locations":[{"start":{"line":17,"column":13},"end":{"line":17,"column":29}},{"start":{"line":17,"column":33},"end":{"line":17,"column":37}}],"line":17},"3":{"loc":{"start":{"line":18,"column":18},"end":{"line":18,"column":49}},"type":"binary-expr","locations":[{"start":{"line":18,"column":18},"end":{"line":18,"column":39}},{"start":{"line":18,"column":43},"end":{"line":18,"column":49}}],"line":18},"4":{"loc":{"start":{"line":22,"column":9},"end":{"line":22,"column":53}},"type":"binary-expr","locations":[{"start":{"line":22,"column":9},"end":{"line":22,"column":41}},{"start":{"line":22,"column":45},"end":{"line":22,"column":53}}],"line":22},"5":{"loc":{"start":{"line":23,"column":10},"end":{"line":23,"column":56}},"type":"binary-expr","locations":[{"start":{"line":23,"column":10},"end":{"line":23,"column":43}},{"start":{"line":23,"column":47},"end":{"line":23,"column":56}}],"line":23},"6":{"loc":{"start":{"line":39,"column":29},"end":{"line":39,"column":38}},"type":"default-arg","locations":[{"start":{"line":39,"column":36},"end":{"line":39,"column":38}}],"line":39},"7":{"loc":{"start":{"line":41,"column":23},"end":{"line":41,"column":45}},"type":"binary-expr","locations":[{"start":{"line":41,"column":23},"end":{"line":41,"column":40}},{"start":{"line":41,"column":44},"end":{"line":41,"column":45}}],"line":41},"8":{"loc":{"start":{"line":43,"column":2},"end":{"line":52,"column":3}},"type":"if","locations":[{"start":{"line":43,"column":2},"end":{"line":52,"column":3}},{"start":{},"end":{}}],"line":43},"9":{"loc":{"start":{"line":62,"column":51},"end":{"line":62,"column":64}},"type":"default-arg","locations":[{"start":{"line":62,"column":62},"end":{"line":62,"column":64}}],"line":62},"10":{"loc":{"start":{"line":63,"column":2},"end":{"line":66,"column":3}},"type":"if","locations":[{"start":{"line":63,"column":2},"end":{"line":66,"column":3}},{"start":{},"end":{}}],"line":63},"11":{"loc":{"start":{"line":68,"column":2},"end":{"line":71,"column":3}},"type":"if","locations":[{"start":{"line":68,"column":2},"end":{"line":71,"column":3}},{"start":{},"end":{}}],"line":68},"12":{"loc":{"start":{"line":75,"column":2},"end":{"line":78,"column":3}},"type":"if","locations":[{"start":{"line":75,"column":2},"end":{"line":78,"column":3}},{"start":{},"end":{}}],"line":75},"13":{"loc":{"start":{"line":80,"column":19},"end":{"line":80,"column":69}},"type":"binary-expr","locations":[{"start":{"line":80,"column":19},"end":{"line":80,"column":36}},{"start":{"line":80,"column":40},"end":{"line":80,"column":56}},{"start":{"line":80,"column":60},"end":{"line":80,"column":69}}],"line":80},"14":{"loc":{"start":{"line":81,"column":16},"end":{"line":81,"column":41}},"type":"binary-expr","locations":[{"start":{"line":81,"column":16},"end":{"line":81,"column":33}},{"start":{"line":81,"column":37},"end":{"line":81,"column":41}}],"line":81},"15":{"loc":{"start":{"line":95,"column":2},"end":{"line":99,"column":3}},"type":"if","locations":[{"start":{"line":95,"column":2},"end":{"line":99,"column":3}},{"start":{"line":97,"column":9},"end":{"line":99,"column":3}}],"line":95},"16":{"loc":{"start":{"line":101,"column":2},"end":{"line":103,"column":3}},"type":"if","locations":[{"start":{"line":101,"column":2},"end":{"line":103,"column":3}},{"start":{},"end":{}}],"line":101},"17":{"loc":{"start":{"line":105,"column":2},"end":{"line":107,"column":3}},"type":"if","locations":[{"start":{"line":105,"column":2},"end":{"line":107,"column":3}},{"start":{},"end":{}}],"line":105},"18":{"loc":{"start":{"line":110,"column":23},"end":{"line":110,"column":58}},"type":"binary-expr","locations":[{"start":{"line":110,"column":23},"end":{"line":110,"column":45}},{"start":{"line":110,"column":49},"end":{"line":110,"column":58}}],"line":110},"19":{"loc":{"start":{"line":118,"column":12},"end":{"line":118,"column":27}},"type":"binary-expr","locations":[{"start":{"line":118,"column":12},"end":{"line":118,"column":20}},{"start":{"line":118,"column":24},"end":{"line":118,"column":27}}],"line":118},"20":{"loc":{"start":{"line":128,"column":8},"end":{"line":135,"column":9}},"type":"if","locations":[{"start":{"line":128,"column":8},"end":{"line":135,"column":9}},{"start":{"line":131,"column":15},"end":{"line":135,"column":9}}],"line":128},"21":{"loc":{"start":{"line":128,"column":12},"end":{"line":128,"column":57}},"type":"binary-expr","locations":[{"start":{"line":128,"column":12},"end":{"line":128,"column":33}},{"start":{"line":128,"column":37},"end":{"line":128,"column":57}}],"line":128},"22":{"loc":{"start":{"line":208,"column":23},"end":{"line":210,"column":79}},"type":"cond-expr","locations":[{"start":{"line":209,"column":4},"end":{"line":209,"column":42}},{"start":{"line":210,"column":4},"end":{"line":210,"column":79}}],"line":208},"23":{"loc":{"start":{"line":216,"column":6},"end":{"line":220,"column":7}},"type":"if","locations":[{"start":{"line":216,"column":6},"end":{"line":220,"column":7}},{"start":{"line":218,"column":13},"end":{"line":220,"column":7}}],"line":216},"24":{"loc":{"start":{"line":216,"column":10},"end":{"line":216,"column":52}},"type":"binary-expr","locations":[{"start":{"line":216,"column":10},"end":{"line":216,"column":17}},{"start":{"line":216,"column":21},"end":{"line":216,"column":52}}],"line":216},"25":{"loc":{"start":{"line":251,"column":34},"end":{"line":251,"column":47}},"type":"default-arg","locations":[{"start":{"line":251,"column":45},"end":{"line":251,"column":47}}],"line":251},"26":{"loc":{"start":{"line":254,"column":4},"end":{"line":258,"column":5}},"type":"if","locations":[{"start":{"line":254,"column":4},"end":{"line":258,"column":5}},{"start":{},"end":{}}],"line":254},"27":{"loc":{"start":{"line":254,"column":8},"end":{"line":254,"column":26}},"type":"binary-expr","locations":[{"start":{"line":254,"column":8},"end":{"line":254,"column":14}},{"start":{"line":254,"column":18},"end":{"line":254,"column":26}}],"line":254},"28":{"loc":{"start":{"line":261,"column":4},"end":{"line":265,"column":5}},"type":"if","locations":[{"start":{"line":261,"column":4},"end":{"line":265,"column":5}},{"start":{},"end":{}}],"line":261},"29":{"loc":{"start":{"line":267,"column":32},"end":{"line":267,"column":48}},"type":"binary-expr","locations":[{"start":{"line":267,"column":32},"end":{"line":267,"column":36}},{"start":{"line":267,"column":40},"end":{"line":267,"column":48}}],"line":267},"30":{"loc":{"start":{"line":318,"column":2},"end":{"line":324,"column":3}},"type":"if","locations":[{"start":{"line":318,"column":2},"end":{"line":324,"column":3}},{"start":{},"end":{}}],"line":318},"31":{"loc":{"start":{"line":318,"column":6},"end":{"line":318,"column":25}},"type":"binary-expr","locations":[{"start":{"line":318,"column":6},"end":{"line":318,"column":13}},{"start":{"line":318,"column":17},"end":{"line":318,"column":25}}],"line":318}},"s":{"0":0,"1":0,"2":0,"3":0,"4":0,"5":0,"6":0,"7":0,"8":0,"9":0,"10":0,"11":0,"12":0,"13":0,"14":0,"15":0,"16":0,"17":0,"18":0,"19":0,"20":0,"21":0,"22":0,"23":0,"24":0,"25":0,"26":0,"27":0,"28":0,"29":0,"30":0,"31":0,"32":0,"33":0,"34":0,"35":0,"36":0,"37":0,"38":0,"39":0,"40":0,"41":0,"42":0,"43":0,"44":0,"45":0,"46":0,"47":0,"48":0,"49":0,"50":0,"51":0,"52":0,"53":0,"54":0,"55":0,"56":0,"57":0,"58":0,"59":0,"60":0,"61":0,"62":0,"63":0,"64":0,"65":0,"66":0,"67":0,"68":0,"69":0,"70":0,"71":0,"72":0,"73":0,"74":0,"75":0,"76":0,"77":0,"78":0,"79":0,"80":0,"81":0,"82":0,"83":0,"84":0,"85":0,"86":0,"87":0,"88":0,"89":0,"90":0,"91":0,"92":0,"93":0,"94":0,"95":0,"96":0,"97":0,"98":0,"99":0,"100":0,"101":0,"102":0,"103":0,"104":0,"105":0,"106":0,"107":0,"1
[...]
mn":6},"end":{"line":136,"column":7}},{"start":{},"end":{}}],"line":134},"10":{"loc":{"start":{"line":150,"column":8},"end":{"line":157,"column":9}},"type":"if","locations":[{"start":{"line":150,"column":8},"end":{"line":157,"column":9}},{"start":{},"end":{}}],"line":150},"11":{"loc":{"start":{"line":162,"column":6},"end":{"line":164,"column":7}},"type":"if","locations":[{"start":{"line":162,"column":6},"end":{"line":164,"column":7}},{"start":{},"end":{}}],"line":162},"12":{"loc":{"start":{"line":175,"column":4},"end":{"line":177,"column":5}},"type":"if","locations":[{"start":{"line":175,"column":4},"end":{"line":177,"column":5}},{"start":{},"end":{}}],"line":175},"13":{"loc":{"start":{"line":186,"column":4},"end":{"line":188,"column":5}},"type":"if","locations":[{"start":{"line":186,"column":4},"end":{"line":188,"column":5}},{"start":{},"end":{}}],"line":186},"14":{"loc":{"start":{"line":191,"column":4},"end":{"line":193,"column":5}},"type":"if","locations":[{"start":{"line":191,"column":4},"end":{"line":193,"column":5}},{"start":{},"end":{}}],"line":191},"15":{"loc":{"start":{"line":191,"column":8},"end":{"line":191,"column":67}},"type":"binary-expr","locations":[{"start":{"line":191,"column":8},"end":{"line":191,"column":17}},{"start":{"line":191,"column":21},"end":{"line":191,"column":67}}],"line":191},"16":{"loc":{"start":{"line":199,"column":4},"end":{"line":201,"column":5}},"type":"if","locations":[{"start":{"line":199,"column":4},"end":{"line":201,"column":5}},{"start":{},"end":{}}],"line":199},"17":{"loc":{"start":{"line":204,"column":4},"end":{"line":206,"column":5}},"type":"if","locations":[{"start":{"line":204,"column":4},"end":{"line":206,"column":5}},{"start":{},"end":{}}],"line":204},"18":{"loc":{"start":{"line":215,"column":69},"end":{"line":215,"column":92}},"type":"default-arg","locations":[{"start":{"line":215,"column":78},"end":{"line":215,"column":92}}],"line":215},"19":{"loc":{"start":{"line":218,"column":4},"end":{"line":220,"column":5}},"type":"if","locations":[{"start":{"line":218,"column":4},"end":{"line":220,"column":5}},{"start":{},"end":{}}],"line":218},"20":{"loc":{"start":{"line":247,"column":4},"end":{"line":249,"column":5}},"type":"if","locations":[{"start":{"line":247,"column":4},"end":{"line":249,"column":5}},{"start":{},"end":{}}],"line":247},"21":{"loc":{"start":{"line":264,"column":4},"end":{"line":266,"column":5}},"type":"if","locations":[{"start":{"line":264,"column":4},"end":{"line":266,"column":5}},{"start":{},"end":{}}],"line":264},"22":{"loc":{"start":{"line":268,"column":29},"end":{"line":268,"column":48}},"type":"binary-expr","locations":[{"start":{"line":268,"column":29},"end":{"line":268,"column":38}},{"start":{"line":268,"column":42},"end":{"line":268,"column":48}}],"line":268},"23":{"loc":{"start":{"line":297,"column":4},"end":{"line":299,"column":5}},"type":"if","locations":[{"start":{"line":297,"column":4},"end":{"line":299,"column":5}},{"start":{},"end":{}}],"line":297},"24":{"loc":{"start":{"line":314,"column":4},"end":{"line":316,"column":5}},"type":"if","locations":[{"start":{"line":314,"column":4},"end":{"line":316,"column":5}},{"start":{},"end":{}}],"line":314},"25":{"loc":{"start":{"line":331,"column":6},"end":{"line":333,"column":7}},"type":"if","locations":[{"start":{"line":331,"column":6},"end":{"line":333,"column":7}},{"start":{},"end":{}}],"line":331},"26":{"loc":{"start":{"line":356,"column":38},"end":{"line":356,"column":71}},"type":"binary-expr","locations":[{"start":{"line":356,"column":38},"end":{"line":356,"column":66}},{"start":{"line":356,"column":70},"end":{"line":356,"column":71}}],"line":356},"27":{"loc":{"start":{"line":362,"column":38},"end":{"line":362,"column":77}},"type":"binary-expr","locations":[{"start":{"line":362,"column":38},"end":{"line":362,"column":72}},{"start":{"line":362,"column":76},"end":{"line":362,"column":77}}],"line":362},"28":{"loc":{"start":{"line":365,"column":6},"end":{"line":370,"column":7}},"type":"if","locations":[{"start":{"line":365,"column":6},"end":{"line":370,"column":7}},{"start":{},"end":{}}],"line":365},"29":{"loc":{"start":{"line":366,"column":8},"end":{"line":367,"column":75}},"type":"binary-expr","locations":[{"start":{"line":366,"column":8},"end":{"line":366,"column":63}},{"start":{"line":367,"column":8},"end":{"line":367,"column":75}}],"line":366},"30":{"loc":{"start":{"line":373,"column":4},"end":{"line":375,"column":5}},"type":"if","locations":[{"start":{"line":373,"column":4},"end":{"line":375,"column":5}},{"start":{},"end":{}}],"line":373}},"s":{"0":0,"1":0,"2":0,"3":0,"4":0,"5":0,"6":0,"7":0,"8":0,"9":0,"10":0,"11":0,"12":0,"13":0,"14":0,"15":0,"16":0,"17":0,"18":0,"19":0,"20":0,"21":0,"22":0,"23":0,"24":0,"25":0,"26":0,"27":0,"28":0,"29":0,"30":0,"31":0,"32":0,"33":0,"34":0,"35":0,"36":0,"37":0,"38":0,"39":0,"40":0,"41":0,"42":0,"43":0,"44":0,"45":0,"46":0,"47":0,"48":0,"49":0,"50":0,"51":0,"52":0,"53":0,"54":0,"55":0,"56":0,"57":0,"58":0,"59":0,"60":0,"61":0,"62":0,"63":0,"64":0,"65":0,"66":0,"67":0,"68":0,"69":0,"70":0,"71":0,"72":0,"73":0,"74":0,"75":0,"76":0,"77":0,"78":0,"79":0,"80":0,"81":0,"82":0,"83":0,"84":0,"85":0,"86":0,"87":0,"88":0,"89":0,"90":0,"91":0,"92":0,"93":0,"94":0,"95":0,"96":0,"97":0,"98":0,"99":0,"100":0,"101":0,"102":0,"103":0,"104":0,"105":0,"106":0,"107":0,"108":0,"109":0,"110":0,"111":0,"112":0,"113":0,"114":0,"115":0,"116":0,"117":0,"118":0,"119":0,"120":0,"121":0,"122":0,"123":0,"124":0,"125":0,"126":0,"127":0,"128":0,"129":0,"130":0,"131":0,"132":0,"133":0,"134":0,"135":0,"136":0},"f":{"0":0,"1":0,"2":0,"3":0,"4":0,"5":0,"6":0,"7":0,"8":0,"9":0,"10":0,"11":0,"12":0,"13":0,"14":0},"b":{"0":[0,0],"1":[0,0],"2":[0],"3":[0,0],"4":[0],"5":[0],"6":[0,0],"7":[0,0],"8":[0,0],"9":[0,0],"10":[0,0],"11":[0,0],"12":[0,0],"13":[0,0],"14":[0,0],"15":[0,0],"16":[0,0],"17":[0,0],"18":[0],"19":[0,0],"20":[0,0],"21":[0,0],"22":[0,0],"23":[0,0],"24":[0,0],"25":[0,0],"26":[0,0],"27":[0,0],"28":[0,0],"29":[0,0],"30":[0,0]}}
,"/home/elvis/.moltbot/services/thread-monitor/src/stp-generator.js": {"path":"/home/elvis/.moltbot/services/thread-monitor/src/stp-generator.js","statementMap":{"0":{"start":{"line":8,"column":14},"end":{"line":8,"column":30}},"1":{"start":{"line":12,"column":4},"end":{"line":12,"column":25}},"2":{"start":{"line":13,"column":4},"end":{"line":13,"column":25}},"3":{"start":{"line":14,"column":4},"end":{"line":14,"column":48}},"4":{"start":{"line":15,"column":4},"end":{"line":15,"column":48}},"5":{"start":{"line":22,"column":4},"end":{"line":50,"column":5}},"6":{"start":{"line":24,"column":21},"end":{"line":24,"column":58}},"7":{"start":{"line":27,"column":23},"end":{"line":27,"column":75}},"8":{"start":{"line":30,"column":18},"end":{"line":30,"column":57}},"9":{"start":{"line":33,"column":23},"end":{"line":33,"column":68}},"10":{"start":{"line":36,"column":22},"end":{"line":36,"column":67}},"11":{"start":{"line":38,"column":6},"end":{"line":44,"column":8}},"12":{"start":{"line":46,"column":6},"end":{"line":46,"column":75}},"13":{"start":{"line":49,"column":6},"end":{"line":49,"column":53}},"14":{"start":{"line":57,"column":24},"end":{"line":57,"column":51}},"15":{"start":{"line":59,"column":17},"end":{"line":107,"column":71}},"16":{"start":{"line":67,"column":35},"end":{"line":67,"column":51}},"17":{"start":{"line":110,"column":4},"end":{"line":123,"column":5}},"18":{"start":{"line":112,"column":8},"end":{"line":112,"column":186}},"19":{"start":{"line":113,"column":8},"end":{"line":113,"column":14}},"20":{"start":{"line":115,"column":8},"end":{"line":115,"column":224}},"21":{"start":{"line":116,"column":8},"end":{"line":116,"column":14}},"22":{"start":{"line":118,"column":8},"end":{"line":118,"column":161}},"23":{"start":{"line":119,"column":8},"end":{"line":119,"column":14}},"24":{"start":{"line":121,"column":8},"end":{"line":121,"column":178}},"25":{"start":{"line":122,"column":8},"end":{"line":122,"column":14}},"26":{"start":{"line":125,"column":4},"end":{"line":125,"column":18}},"27":{"start":{"line":132,"column":4},"end":{"line":154,"column":5}},"28":{"start":{"line":133,"column":23},"end":{"line":145,"column":7}},"29":{"start":{"line":147,"column":6},"end":{"line":150,"column":8}},"30":{"start":{"line":152,"column":6},"end":{"line":152,"column":78}},"31":{"start":{"line":153,"column":6},"end":{"line":153,"column":18}},"32":{"start":{"line":161,"column":27},"end":{"line":161,"column":71}},"33":{"start":{"line":162,"column":25},"end":{"line":162,"column":67}},"34":{"start":{"line":163,"column":29},"end":{"line":163,"column":75}},"35":{"start":{"line":164,"column":28},"end":{"line":164,"column":80}},"36":{"start":{"line":166,"column":4},"end":{"line":171,"column":6}},"37":{"start":{"line":170,"column":83},"end":{"line":170,"column":91}},"38":{"start":{"line":178,"column":22},"end":{"line":178,"column":56}},"39":{"start":{"line":179,"column":4},"end":{"line":179,"column":66}},"40":{"start":{"line":186,"column":26},"end":{"line":186,"column":49}},"41":{"start":{"line":187,"column":4},"end":{"line":187,"column":98}},"42":{"start":{"line":194,"column":20},"end":{"line":194,"column":45}},"43":{"start":{"line":195,"column":26},"end":{"line":202,"column":5}},"44":{"start":{"line":205,"column":19},"end":{"line":205,"column":68}},"45":{"start":{"line":205,"column":47},"end":{"line":205,"column":67}},"46":{"start":{"line":208,"column":4},"end":{"line":210,"column":5}},"47":{"start":{"line":209,"column":6},"end":{"line":209,"column":73}},"48":{"start":{"line":213,"column":4},"end":{"line":223,"column":5}},"49":{"start":{"line":215,"column":8},"end":{"line":215,"column":91}},"50":{"start":{"line":215,"column":64},"end":{"line":215,"column":89}},"51":{"start":{"line":216,"column":8},"end":{"line":216,"column":14}},"52":{"start":{"line":218,"column":8},"end":{"line":218,"column":57}},"53":{"start":{"line":219,"column":8},"end":{"line":219,"column":14}},"54":{"start":{"line":221,"column":8},"end":{"line":221,"column":57}},"55":{"start":{"line":222,"column":8},"end":{"line":222,"column":14}},"56":{"start":{"line":225,"column":4},"end":{"line":225,"column":32}},"57":{"start":{"line":232,"column":26},"end":{"line":232,"column":97}},"58":{"start":{"line":232,"column":46},"end":{"line":232,"column":84}},"59":{"start":{"line":234,"column":18},"end":{"line":234,"column":88}},"60":{"start":{"line":237,"column":4},"end":{"line":239,"column":5}},"61":{"start":{"line":238,"column":6},"end":{"line":238,"column":65}},"62":{"start":{"line":241,"column":4},"end":{"line":241,"column":78}},"63":{"start":{"line":244,"column":24},"end":{"line":244,"column":99}},"64":{"start":{"line":244,"column":44},"end":{"line":244,"column":88}},"65":{"start":{"line":245,"column":4},"end":{"line":245,"column":36}},"66":{"start":{"line":247,"column":4},"end":{"line":247,"column":19}},"67":{"start":{"line":254,"column":4},"end":{"line":256,"column":5}},"68":{"start":{"line":255,"column":6},"end":{"line":255,"column":18}},"69":{"start":{"line":257,"column":4},"end":{"line":257,"column":79}},"70":{"start":{"line":264,"column":19},"end":{"line":264,"column":51}},"71":{"start":{"line":265,"column":4},"end":{"line":267,"column":18}},"72":{"start":{"line":266,"column":18},"end":{"line":266,"column":79}},"73":{"start":{"line":274,"column":22},"end":{"line":302,"column":5}},"74":{"start":{"line":304,"column":16},"end":{"line":304,"column":62}},"75":{"start":{"line":305,"column":21},"end":{"line":305,"column":56}},"76":{"start":{"line":307,"column":4},"end":{"line":314,"column":6}},"77":{"start":{"line":318,"column":0},"end":{"line":318,"column":30}}},"fnMap":{"0":{"name":"(anonymous_0)","decl":{"start":{"line":11,"column":2},"end":{"line":11,"column":3}},"loc":{"start":{"line":11,"column":30},"end":{"line":16,"column":3}},"line":11},"1":{"name":"(anonymous_1)","decl":{"start":{"line":21,"column":2},"end":{"line":21,"column":3}},"loc":{"start":{"line":21,"column":35},"end":{"line":51,"column":3}},"line":21},"2":{"name":"(anonymous_2)","decl":{"start":{"line":56,"column":2},"end":{"line":56,"column":3}},"loc":{"start":{"line":56,"column":35},"end":{"line":126,"column":3}},"line":56},"3":{"name":"(anonymous_3)","decl":{"start":{"line":67,"column":25},"end":{"line":67,"column":26}},"loc":{"start":{"line":67,"column":35},"end":{"line":67,"column":51}},"line":67},"4":{"name":"(anonymous_4)","decl":{"start":{"line":131,"column":2},"end":{"line":131,"column":3}},"loc":{"start":{"line":131,"column":50},"end":{"line":155,"column":3}},"line":131},"5":{"name":"(anonymous_5)","decl":{"start":{"line":160,"column":2},"end":{"line":160,"column":3}},"loc":{"start":{"line":160,"column":28},"end":{"line":172,"column":3}},"line":160},"6":{"name":"(anonymous_6)","decl":{"start":{"line":170,"column":76},"end":{"line":170,"column":77}},"loc":{"start":{"line":170,"column":83},"end":{"line":170,"column":91}},"line":170},"7":{"name":"(anonymous_7)","decl":{"start":{"line":177,"column":2},"end":{"line":177,"column":3}},"loc":{"start":{"line":177,"column":31},"end":{"line":180,"column":3}},"line":177},"8":{"name":"(anonymous_8)","decl":{"start":{"line":185,"column":2},"end":{"line":185,"column":3}},"loc":{"start":{"line":185,"column":24},"end":{"line":188,"column":3}},"line":185},"9":{"name":"(anonymous_9)","decl":{"start":{"line":193,"column":2},"end":{"line":193,"column":3}},"loc":{"start":{"line":193,"column":43},"end":{"line":226,"column":3}},"line":193},"10":{"name":"(anonymous_10)","decl":{"start":{"line":205,"column":40},"end":{"line":205,"column":41}},"loc":{"start":{"line":205,"column":47},"end":{"line":205,"column":67}},"line":205},"11":{"name":"(anonymous_11)","decl":{"start":{"line":215,"column":57},"end":{"line":215,"column":58}},"loc":{"start":{"line":215,"column":64},"end":{"line":215,"column":89}},"line":215},"12":{"name":"(anonymous_12)","decl":{"start":{"line":231,"column":2},"end":{"line":231,"column":3}},"loc":{"start":{"line":231,"column":43},"end":{"line":248,"column":3}},"line":231},"13":{"name":"(anonymous_13)","decl":{"start":{"line":232,"column":39},"end":{"line":232,"column":40}},"loc":{"start":{"line":232,"column":46},"end":{"line":232,"column":84}},"line":232},"14":{"name":"(anonymous_14)","decl":{"start":{"line":244,"column":37},"end":{"line":244,"column":38}},"loc":{"start":{"line":244,"column":44},"end":{"line":244,"column":88}},"line":244},"15":{"name":"(anonymous_15)","decl":{"start":{"line":253,"column":2},"end":{"line":253,"column":3}},"loc":{"start":{"line":253,"column":25},"end":{"line":258,"column":3}},"line":253},"16":{"name":"(anonymous_16)","decl":{"start":{"line":263,"column":2},"end":{"line":263,"column":3}},"loc":{"start":{"line":263,"column":23},"end":{"line":268,"column":3}},"line":263},"17":{"name":"(anonymous_17)","decl":{"start":{"line":266,"column":11},"end":{"line":266,"column":12}},"loc":{"start":{"line":266,"column":18},"end":{"line":266,"column":79}},"line":266},"18":{"name":"(anonymous_18)","decl":{"start":{"line":273,"column":2},"end":{"line":273,"column":3}},"loc":{"start":{"line":273,"column":37},"end":{"line":315,"column":3}},"line":273}},"branchMap":{"0":{"loc":{"start":{"line":75,"column":2},"end":{"line":75,"column":44}},"type":"binary-expr","locations":[{"start":{"line":75,"column":2},"end":{"line":75,"column":13}},{"start":{"line":75,"column":17},"end":{"line":75,"column":44}}],"line":75},"1":{"loc":{"start":{"line":78,"column":18},"end":{"line":78,"column":81}},"type":"cond-expr","locations":[{"start":{"line":78,"column":37},"end":{"line":78,"column":76}},{"start":{"line":78,"column":79},"end":{"line":78,"column":81}}],"line":78},"2":{"loc":{"start":{"line":110,"column":4},"end":{"line":123,"column":5}},"type":"switch","locations":[{"start":{"line":111,"column":6},"end":{"line":113,"column":14}},{"start":{"line":114,"column":6},"end":{"line":116,"column":14}},{"start":{"line":117,"column":6},"end":{"line":119,"column":14}},{"start":{"line":120,"column":6},"end":{"line":122,"column":14}}],"line":110},"3":{"loc":{"start":{"line":167,"column":17},"end":{"line":167,"column":93}},"type":"cond-expr","locations":[{"start":{"line":167,"column":34},"end":{"line":167,"column":58}},{"start":{"line":167,"column":61},"end":{"line":167,"column":93}}],"line":167},"4":{"loc":{"start":{"line":168,"column":15},"end":{"line":168,"column":87}},"type":"cond-expr","locations":[{"start":{"line":168,"column":30},"end":{"line":168,"column":52}},{"start":{"line":168,"column":55},"end":{"line":168,"column":87}}],"line":168},"5":{"loc":{"start":{"line":169,"column":19},"end":{"line":169,"column":96}},"type":"cond-expr","locations":[{"start":{"line":169,"column":38},"end":{"line":169,"column":64}},{"start":{"line":169,"column":67},"end":{"line":169,"column":96}}],"line":169},"6":{"loc":{"start":{"line":170,"column":24},"end":{"line":170,"column":97}},"type":"cond-expr","locations":[{"start":{"line":170,"column":42},"end":{"line":170,"column":92}},{"start":{"line":170,"column":95},"end":{"line":170,"column":97}}],"line":170},"7":{"loc":{"start":{"line":178,"column":22},"end":{"line":178,"column":56}},"type":"binary-expr","locations":[{"start":{"line":178,"column":22},"end":{"line":178,"column":50}},{"start":{"line":178,"column":54},"end":{"line":178,"column":56}}],"line":178},"8":{"loc":{"start":{"line":179,"column":11},"end":{"line":179,"column":65}},"type":"binary-expr","locations":[{"start":{"line":179,"column":11},"end":{"line":179,"column":35}},{"start":{"line":179,"column":39},"end":{"line":179,"column":65}}],"line":179},"9":{"loc":{"start":{"line":187,"column":11},"end":{"line":187,"column":97}},"type":"cond-expr","locations":[{"start":{"line":187,"column":27},"end":{"line":187,"column":50}},{"start":{"line":187,"column":53},"end":{"line":187,"column":97}}],"line":187},"10":{"loc":{"start":{"line":208,"column":4},"end":{"line":210,"column":5}},"type":"if","locations":[{"start":{"line":208,"column":4},"end":{"line":210,"column":5}},{"start":{},"end":{}}],"line":208},"11":{"loc":{"start":{"line":213,"column":4},"end":{"line":223,"column":5}},"type":"switch","locations":[{"start":{"line":214,"column":6},"end":{"line":216,"column":14}},{"start":{"line":217,"column":6},"end":{"line":219,"column":14}},{"start":{"line":220,"column":6},"end":{"line":222,"column":14}}],"line":213},"12":{"loc":{"start":{"line":237,"column":4},"end":{"line":239,"column":5}},"type":"if","locations":[{"start":{"line":237,"column":4},"end":{"line":239,"column":5}},{"start":{},"end":{}}],"line":237},"13":{"loc":{"start":{"line":254,"column":4},"end":{"line":256,"column":5}},"type":"if","locations":[{"start":{"line":254,"column":4},"end":{"line":256,"column":5}},{"start":{},"end":{}}],"line":254},"14":{"loc":{"start":{"line":254,"column":8},"end":{"line":254,"column":70}},"type":"binary-expr","locations":[{"start":{"line":254,"column":8},"end":{"line":254,"column":31}},{"start":{"line":254,"column":35},"end":{"line":254,"column":70}}],"line":254},"15":{"loc":{"start":{"line":304,"column":16},"end":{"line":304,"column":62}},"type":"binary-expr","locations":[{"start":{"line":304,"column":16},"end":{"line":304,"column":40}},{"start":{"line":304,"column":44},"end":{"line":304,"column":62}}],"line":304}},"s":{"0":0,"1":0,"2":0,"3":0,"4":0,"5":0,"6":0,"7":0,"8":0,"9":0,"10":0,"11":0,"12":0,"13":0,"14":0,"15":0,"16":0,"17":0,"18":0,"19":0,"20":0,"21":0,"22":0,"23":0,"24":0,"25":0,"26":0,"27":0,"28":0,"29":0,"30":0,"31":0,"32":0,"33":0,"34":0,"35":0,"36":0,"37":0,"38":0,"39":0,"40":0,"41":0,"42":0,"43":0,"44":0,"45":0,"46":0,"47":0,"48":0,"49":0,"50":0,"51":0,"52":0,"53":0,"54":0,"55":0,"56":0,"57":0,"58":0,"59":0,"60":0,"61":0,"62":0,"63":0,"64":0,"65":0,"66":0,"67":0,"68":0,"69":0,"70":0,"71":0,"72":0,"73":0,"74":0,"75":0,"76":0,"77":0},"f":{"0":0,"1":0,"2":0,"3":0,"4":0,"5":0,"6":0,"7":0,"8":0,"9":0,"10":0,"11":0,"12":0,"13":0,"14":0,"15":0,"16":0,"17":0,"18":0},"b":{"0":[0,0],"1":[0,0],"2":[0,0,0,0],"3":[0,0],"4":[0,0],"5":[0,0],"6":[0,0],"7":[0,0],"8":[0,0],"9":[0,0],"10":[0,0],"11":[0,0,0],"12":[0,0],"13":[0,0],"14":[0,0],"15":[0,0]}}
}
