TN:
SF:services/ai-content-generator/src/index.js
FN:116,(anonymous_0)
FN:128,(anonymous_1)
FN:231,buildPrompt
FN:264,callVenice
FN:299,callKimi
FN:334,parseGeneratedContent
FN:354,generateTemplateContent
FN:385,(anonymous_7)
FN:387,(anonymous_8)
FN:396,(anonymous_9)
FN:398,(anonymous_10)
FN:406,(anonymous_11)
FN:414,(anonymous_12)
FNF:13
FNH:6
FNDA:0,(anonymous_0)
FNDA:12,(anonymous_1)
FNDA:12,buildPrompt
FNDA:11,callVenice
FNDA:1,callKimi
FNDA:9,parseGeneratedContent
FNDA:3,generateTemplateContent
FNDA:0,(anonymous_7)
FNDA:0,(anonymous_8)
FNDA:0,(anonymous_9)
FNDA:0,(anonymous_10)
FNDA:0,(anonymous_11)
FNDA:0,(anonymous_12)
DA:1,12
DA:2,12
DA:3,12
DA:4,12
DA:5,12
DA:6,12
DA:9,12
DA:16,12
DA:17,12
DA:18,12
DA:19,12
DA:22,12
DA:29,12
DA:30,12
DA:31,12
DA:32,12
DA:35,12
DA:36,12
DA:39,12
DA:97,12
DA:116,12
DA:117,0
DA:128,12
DA:137,12
DA:139,12
DA:141,12
DA:144,12
DA:145,0
DA:150,12
DA:151,0
DA:156,12
DA:157,0
DA:163,12
DA:165,12
DA:169,12
DA:170,11
DA:171,1
DA:172,1
DA:175,0
DA:178,9
DA:191,3
DA:193,3
DA:194,0
DA:201,3
DA:203,3
DA:204,3
DA:206,3
DA:221,0
DA:222,0
DA:232,12
DA:233,12
DA:235,12
DA:248,12
DA:249,0
DA:252,12
DA:253,0
DA:256,12
DA:257,10
DA:260,12
DA:265,11
DA:266,11
DA:290,8
DA:291,8
DA:293,3
DA:294,3
DA:300,1
DA:301,1
DA:325,1
DA:326,1
DA:328,0
DA:329,0
DA:335,9
DA:336,9
DA:339,9
DA:340,9
DA:341,7
DA:342,7
DA:345,2
DA:346,2
DA:347,2
DA:350,9
DA:355,3
DA:357,3
DA:374,3
DA:375,3
DA:377,3
DA:385,12
DA:386,0
DA:387,0
DA:396,12
DA:397,0
DA:398,0
DA:406,12
DA:407,0
DA:408,0
DA:412,12
DA:413,0
DA:414,0
DA:415,0
DA:416,0
DA:417,0
DA:422,12
LF:102
LH:79
BRDA:10,0,0,12
BRDA:10,0,1,0
BRDA:29,1,0,12
BRDA:29,1,1,0
BRDA:30,2,0,12
BRDA:30,2,1,0
BRDA:35,3,0,12
BRDA:35,3,1,12
BRDA:36,4,0,12
BRDA:36,4,1,12
BRDA:132,5,0,8
BRDA:133,6,0,9
BRDA:134,7,0,6
BRDA:144,8,0,0
BRDA:144,8,1,12
BRDA:144,9,0,12
BRDA:144,9,1,0
BRDA:150,10,0,0
BRDA:150,10,1,12
BRDA:156,11,0,0
BRDA:156,11,1,12
BRDA:169,12,0,11
BRDA:169,12,1,1
BRDA:169,13,0,12
BRDA:169,13,1,9
BRDA:169,13,2,8
BRDA:171,14,0,1
BRDA:171,14,1,0
BRDA:171,15,0,1
BRDA:171,15,1,0
BRDA:171,15,2,0
BRDA:193,16,0,0
BRDA:193,16,1,3
BRDA:248,17,0,0
BRDA:248,17,1,12
BRDA:252,18,0,0
BRDA:252,18,1,12
BRDA:256,19,0,10
BRDA:256,19,1,2
BRDA:279,20,0,9
BRDA:279,20,1,2
BRDA:314,21,0,1
BRDA:314,21,1,0
BRDA:340,22,0,7
BRDA:340,22,1,2
BRDA:346,23,0,0
BRDA:346,23,1,2
BRDA:374,24,0,3
BRDA:374,24,1,0
BRDA:412,25,0,0
BRDA:412,25,1,12
BRDA:413,26,0,0
BRDA:413,26,1,0
BRF:53
BRH:34
end_of_record
TN:
SF:services/model-router/src/index.js
FN:125,(anonymous_0)
FN:135,(anonymous_1)
FN:141,(anonymous_2)
FN:151,(anonymous_3)
FN:167,(anonymous_4)
FN:215,(anonymous_5)
FN:279,(anonymous_6)
FN:295,(anonymous_7)
FN:305,(anonymous_8)
FN:316,(anonymous_9)
FN:321,(anonymous_10)
FNF:11
FNH:0
FNDA:0,(anonymous_0)
FNDA:0,(anonymous_1)
FNDA:0,(anonymous_2)
FNDA:0,(anonymous_3)
FNDA:0,(anonymous_4)
FNDA:0,(anonymous_5)
FNDA:0,(anonymous_6)
FNDA:0,(anonymous_7)
FNDA:0,(anonymous_8)
FNDA:0,(anonymous_9)
FNDA:0,(anonymous_10)
DA:8,0
DA:9,0
DA:10,0
DA:11,0
DA:12,0
DA:13,0
DA:14,0
DA:15,0
DA:16,0
DA:17,0
DA:19,0
DA:24,0
DA:27,0
DA:28,0
DA:29,0
DA:32,0
DA:35,0
DA:36,0
DA:42,0
DA:49,0
DA:50,0
DA:55,0
DA:59,0
DA:60,0
DA:61,0
DA:63,0
DA:64,0
DA:65,0
DA:67,0
DA:68,0
DA:73,0
DA:79,0
DA:80,0
DA:82,0
DA:89,0
DA:98,0
DA:101,0
DA:110,0
DA:111,0
DA:112,0
DA:113,0
DA:114,0
DA:125,0
DA:126,0
DA:135,0
DA:136,0
DA:137,0
DA:141,0
DA:142,0
DA:143,0
DA:151,0
DA:152,0
DA:153,0
DA:158,0
DA:167,0
DA:168,0
DA:170,0
DA:171,0
DA:173,0
DA:174,0
DA:180,0
DA:183,0
DA:186,0
DA:187,0
DA:192,0
DA:198,0
DA:200,0
DA:206,0
DA:215,0
DA:216,0
DA:218,0
DA:219,0
DA:221,0
DA:222,0
DA:229,0
DA:230,0
DA:231,0
DA:232,0
DA:240,0
DA:241,0
DA:244,0
DA:245,0
DA:249,0
DA:250,0
DA:255,0
DA:262,0
DA:264,0
DA:270,0
DA:279,0
DA:280,0
DA:295,0
DA:296,0
DA:297,0
DA:304,0
DA:305,0
DA:306,0
DA:315,0
DA:316,0
DA:317,0
DA:318,0
DA:321,0
DA:322,0
DA:323,0
DA:327,0
LF:104
LH:0
BRDA:28,0,0,0
BRDA:28,0,1,0
BRDA:29,1,0,0
BRDA:29,1,1,0
BRDA:35,2,0,0
BRDA:35,2,1,0
BRDA:43,3,0,0
BRDA:43,3,1,0
BRDA:49,4,0,0
BRDA:49,4,1,0
BRDA:55,5,0,0
BRDA:55,5,1,0
BRDA:59,6,0,0
BRDA:59,6,1,0
BRDA:59,7,0,0
BRDA:59,7,1,0
BRDA:74,8,0,0
BRDA:74,8,1,0
BRDA:152,9,0,0
BRDA:152,9,1,0
BRDA:173,10,0,0
BRDA:173,10,1,0
BRDA:201,11,0,0
BRDA:201,11,1,0
BRDA:221,12,0,0
BRDA:221,12,1,0
BRDA:221,13,0,0
BRDA:221,13,1,0
BRDA:230,14,0,0
BRDA:230,14,1,0
BRDA:230,15,0,0
BRDA:230,15,1,0
BRDA:244,16,0,0
BRDA:244,16,1,0
BRDA:265,17,0,0
BRDA:265,17,1,0
BRDA:304,18,0,0
BRDA:304,18,1,0
BRDA:315,19,0,0
BRDA:315,19,1,0
BRF:40
BRH:0
end_of_record
TN:
SF:services/model-router/src/router.js
FN:12,(anonymous_0)
FN:48,(anonymous_1)
FN:109,(anonymous_2)
FN:116,(anonymous_3)
FN:125,(anonymous_4)
FN:129,(anonymous_5)
FN:136,(anonymous_6)
FN:152,(anonymous_7)
FN:175,(anonymous_8)
FN:188,(anonymous_9)
FN:206,(anonymous_10)
FN:264,(anonymous_11)
FN:296,(anonymous_12)
FN:309,(anonymous_13)
FNF:14
FNH:0
FNDA:0,(anonymous_0)
FNDA:0,(anonymous_1)
FNDA:0,(anonymous_2)
FNDA:0,(anonymous_3)
FNDA:0,(anonymous_4)
FNDA:0,(anonymous_5)
FNDA:0,(anonymous_6)
FNDA:0,(anonymous_7)
FNDA:0,(anonymous_8)
FNDA:0,(anonymous_9)
FNDA:0,(anonymous_10)
FNDA:0,(anonymous_11)
FNDA:0,(anonymous_12)
FNDA:0,(anonymous_13)
DA:8,0
DA:9,0
DA:13,0
DA:14,0
DA:15,0
DA:18,0
DA:27,0
DA:36,0
DA:49,0
DA:50,0
DA:52,0
DA:53,0
DA:54,0
DA:58,0
DA:59,0
DA:60,0
DA:61,0
DA:66,0
DA:72,0
DA:73,0
DA:76,0
DA:78,0
DA:79,0
DA:84,0
DA:85,0
DA:88,0
DA:89,0
DA:93,0
DA:94,0
DA:99,0
DA:110,0
DA:115,0
DA:116,0
DA:117,0
DA:118,0
DA:121,0
DA:122,0
DA:123,0
DA:124,0
DA:125,0
DA:126,0
DA:128,0
DA:129,0
DA:131,0
DA:135,0
DA:136,0
DA:137,0
DA:138,0
DA:142,0
DA:153,0
DA:166,0
DA:176,0
DA:178,0
DA:189,0
DA:191,0
DA:207,0
DA:209,0
DA:211,0
DA:212,0
DA:213,0
DA:220,0
DA:225,0
DA:226,0
DA:233,0
DA:240,0
DA:242,0
DA:249,0
DA:250,0
DA:253,0
DA:265,0
DA:267,0
DA:268,0
DA:270,0
DA:271,0
DA:276,0
DA:278,0
DA:280,0
DA:287,0
DA:297,0
DA:298,0
DA:310,0
DA:311,0
DA:315,0
LF:83
LH:0
BRDA:48,0,0,0
BRDA:48,1,0,0
BRDA:48,2,0,0
BRDA:52,3,0,0
BRDA:52,3,1,0
BRDA:58,4,0,0
BRDA:58,4,1,0
BRDA:60,5,0,0
BRDA:60,5,1,0
BRDA:72,6,0,0
BRDA:72,6,1,0
BRDA:76,7,0,0
BRDA:76,7,1,0
BRDA:78,8,0,0
BRDA:78,8,1,0
BRDA:78,9,0,0
BRDA:78,9,1,0
BRDA:84,10,0,0
BRDA:84,10,1,0
BRDA:84,11,0,0
BRDA:84,11,1,0
BRDA:88,12,0,0
BRDA:88,12,1,0
BRDA:88,13,0,0
BRDA:88,13,1,0
BRDA:93,14,0,0
BRDA:93,14,1,0
BRDA:115,15,0,0
BRDA:115,15,1,0
BRDA:121,16,0,0
BRDA:121,16,1,0
BRDA:123,17,0,0
BRDA:123,17,1,0
BRDA:128,18,0,0
BRDA:128,18,1,0
BRDA:135,19,0,0
BRDA:135,19,1,0
BRDA:138,20,0,0
BRDA:138,20,1,0
BRDA:138,21,0,0
BRDA:138,21,1,0
BRDA:156,22,0,0
BRDA:156,22,1,0
BRDA:176,23,0,0
BRDA:176,23,1,0
BRDA:189,24,0,0
BRDA:189,24,1,0
BRDA:212,25,0,0
BRDA:212,25,1,0
BRDA:225,26,0,0
BRDA:225,26,1,0
BRDA:249,27,0,0
BRDA:249,27,1,0
BRDA:265,28,0,0
BRDA:265,28,1,0
BRDA:268,29,0,0
BRDA:268,29,1,0
BRDA:297,30,0,0
BRDA:297,30,1,0
BRF:59
BRH:0
end_of_record
TN:
SF:services/model-router/src/middleware/moltbook-auth.js
FN:25,verifyIdentityToken
FN:86,moltbookAuthMiddleware
FN:89,(anonymous_2)
FN:174,optionalMoltbookAuth
FN:181,getAuthInstructionsUrl
FN:188,clearTokenCache
FNF:6
FNH:0
FNDA:0,verifyIdentityToken
FNDA:0,moltbookAuthMiddleware
FNDA:0,(anonymous_2)
FNDA:0,optionalMoltbookAuth
FNDA:0,getAuthInstructionsUrl
FNDA:0,clearTokenCache
DA:8,0
DA:10,0
DA:11,0
DA:12,0
DA:15,0
DA:16,0
DA:27,0
DA:28,0
DA:29,0
DA:32,0
DA:33,0
DA:36,0
DA:37,0
DA:52,0
DA:54,0
DA:55,0
DA:56,0
DA:57,0
DA:58,0
DA:62,0
DA:67,0
DA:69,0
DA:71,0
DA:72,0
DA:73,0
DA:74,0
DA:75,0
DA:77,0
DA:87,0
DA:89,0
DA:90,0
DA:93,0
DA:94,0
DA:95,0
DA:99,0
DA:100,0
DA:108,0
DA:109,0
DA:112,0
DA:114,0
DA:115,0
DA:122,0
DA:124,0
DA:125,0
DA:133,0
DA:134,0
DA:142,0
DA:143,0
DA:151,0
DA:152,0
DA:161,0
DA:175,0
DA:182,0
DA:189,0
DA:192,0
LF:55
LH:0
BRDA:12,0,0,0
BRDA:12,0,1,0
BRDA:28,1,0,0
BRDA:28,1,1,0
BRDA:28,2,0,0
BRDA:28,2,1,0
BRDA:32,3,0,0
BRDA:32,3,1,0
BRDA:54,4,0,0
BRDA:54,4,1,0
BRDA:55,5,0,0
BRDA:55,5,1,0
BRDA:56,6,0,0
BRDA:56,6,1,0
BRDA:69,7,0,0
BRDA:69,7,1,0
BRDA:71,8,0,0
BRDA:71,8,1,0
BRDA:72,9,0,0
BRDA:72,9,1,0
BRDA:86,10,0,0
BRDA:87,11,0,0
BRDA:93,12,0,0
BRDA:93,12,1,0
BRDA:93,13,0,0
BRDA:93,13,1,0
BRDA:99,14,0,0
BRDA:99,14,1,0
BRDA:114,15,0,0
BRDA:114,15,1,0
BRDA:124,16,0,0
BRDA:124,16,1,0
BRDA:133,17,0,0
BRDA:133,17,1,0
BRDA:142,18,0,0
BRDA:142,18,1,0
BRDA:151,19,0,0
BRDA:151,19,1,0
BRDA:151,20,0,0
BRDA:151,20,1,0
BRDA:154,21,0,0
BRDA:154,21,1,0
BRDA:156,22,0,0
BRDA:156,22,1,0
BRDA:174,23,0,0
BRF:45
BRH:0
end_of_record
TN:
SF:services/ntfy-publisher/src/index.js
FN:39,log
FN:62,notify
FN:114,(anonymous_2)
FN:124,(anonymous_3)
FN:126,(anonymous_4)
FN:127,(anonymous_5)
FN:139,(anonymous_6)
FN:145,(anonymous_7)
FN:160,logToFallback
FN:180,(anonymous_9)
FN:181,(anonymous_10)
FN:182,(anonymous_11)
FN:183,(anonymous_12)
FN:214,(anonymous_13)
FN:240,(anonymous_14)
FN:249,(anonymous_15)
FN:278,(anonymous_16)
FN:291,(anonymous_17)
FN:299,(anonymous_18)
FN:307,(anonymous_19)
FN:313,(anonymous_20)
FNF:21
FNH:0
FNDA:0,log
FNDA:0,notify
FNDA:0,(anonymous_2)
FNDA:0,(anonymous_3)
FNDA:0,(anonymous_4)
FNDA:0,(anonymous_5)
FNDA:0,(anonymous_6)
FNDA:0,(anonymous_7)
FNDA:0,logToFallback
FNDA:0,(anonymous_9)
FNDA:0,(anonymous_10)
FNDA:0,(anonymous_11)
FNDA:0,(anonymous_12)
FNDA:0,(anonymous_13)
FNDA:0,(anonymous_14)
FNDA:0,(anonymous_15)
FNDA:0,(anonymous_16)
FNDA:0,(anonymous_17)
FNDA:0,(anonymous_18)
FNDA:0,(anonymous_19)
FNDA:0,(anonymous_20)
DA:10,0
DA:13,0
DA:14,0
DA:15,0
DA:16,0
DA:17,0
DA:18,0
DA:21,0
DA:29,0
DA:40,0
DA:41,0
DA:43,0
DA:44,0
DA:63,0
DA:64,0
DA:65,0
DA:68,0
DA:69,0
DA:70,0
DA:74,0
DA:75,0
DA:76,0
DA:77,0
DA:80,0
DA:81,0
DA:84,0
DA:87,0
DA:95,0
DA:96,0
DA:98,0
DA:101,0
DA:102,0
DA:105,0
DA:106,0
DA:110,0
DA:112,0
DA:114,0
DA:115,0
DA:124,0
DA:125,0
DA:126,0
DA:127,0
DA:128,0
DA:129,0
DA:130,0
DA:132,0
DA:133,0
DA:134,0
DA:139,0
DA:140,0
DA:141,0
DA:142,0
DA:145,0
DA:146,0
DA:147,0
DA:148,0
DA:149,0
DA:152,0
DA:153,0
DA:161,0
DA:162,0
DA:170,0
DA:171,0
DA:173,0
DA:180,0
DA:181,0
DA:182,0
DA:183,0
DA:186,0
DA:189,0
DA:208,0
DA:212,0
DA:216,0
DA:217,0
DA:219,0
DA:228,0
DA:236,0
DA:237,0
DA:240,0
DA:241,0
DA:242,0
DA:249,0
DA:250,0
DA:251,0
DA:254,0
DA:255,0
DA:261,0
DA:262,0
DA:267,0
DA:268,0
DA:270,0
DA:271,0
DA:278,0
DA:279,0
DA:291,0
DA:292,0
DA:293,0
DA:294,0
DA:295,0
DA:299,0
DA:300,0
DA:302,0
DA:307,0
DA:308,0
DA:309,0
DA:313,0
DA:314,0
DA:315,0
DA:318,0
DA:319,0
LF:110
LH:0
BRDA:13,0,0,0
BRDA:13,0,1,0
BRDA:14,1,0,0
BRDA:14,1,1,0
BRDA:17,2,0,0
BRDA:17,2,1,0
BRDA:18,3,0,0
BRDA:18,3,1,0
BRDA:22,4,0,0
BRDA:22,4,1,0
BRDA:23,5,0,0
BRDA:23,5,1,0
BRDA:39,6,0,0
BRDA:41,7,0,0
BRDA:41,7,1,0
BRDA:43,8,0,0
BRDA:43,8,1,0
BRDA:62,9,0,0
BRDA:63,10,0,0
BRDA:63,10,1,0
BRDA:68,11,0,0
BRDA:68,11,1,0
BRDA:75,12,0,0
BRDA:75,12,1,0
BRDA:80,13,0,0
BRDA:80,13,1,0
BRDA:80,13,2,0
BRDA:81,14,0,0
BRDA:81,14,1,0
BRDA:95,15,0,0
BRDA:95,15,1,0
BRDA:101,16,0,0
BRDA:101,16,1,0
BRDA:105,17,0,0
BRDA:105,17,1,0
BRDA:110,18,0,0
BRDA:110,18,1,0
BRDA:118,19,0,0
BRDA:118,19,1,0
BRDA:128,20,0,0
BRDA:128,20,1,0
BRDA:128,21,0,0
BRDA:128,21,1,0
BRDA:208,22,0,0
BRDA:208,22,1,0
BRDA:216,23,0,0
BRDA:216,23,1,0
BRDA:216,24,0,0
BRDA:216,24,1,0
BRDA:251,25,0,0
BRDA:254,26,0,0
BRDA:254,26,1,0
BRDA:254,27,0,0
BRDA:254,27,1,0
BRDA:261,28,0,0
BRDA:261,28,1,0
BRDA:267,29,0,0
BRDA:267,29,1,0
BRDA:318,30,0,0
BRDA:318,30,1,0
BRDA:318,31,0,0
BRDA:318,31,1,0
BRF:62
BRH:0
end_of_record
TN:
SF:services/thread-monitor/src/index.js
FN:103,(anonymous_0)
FN:117,(anonymous_1)
FN:123,(anonymous_2)
FN:128,(anonymous_3)
FN:144,(anonymous_4)
FN:158,(anonymous_5)
FN:184,(anonymous_6)
FN:212,(anonymous_7)
FN:262,(anonymous_8)
FN:305,(anonymous_9)
FN:375,monitorThreads
FN:382,(anonymous_11)
FN:387,(anonymous_12)
FN:462,(anonymous_13)
FN:469,(anonymous_14)
FN:482,(anonymous_15)
FN:487,(anonymous_16)
FNF:17
FNH:0
FNDA:0,(anonymous_0)
FNDA:0,(anonymous_1)
FNDA:0,(anonymous_2)
FNDA:0,(anonymous_3)
FNDA:0,(anonymous_4)
FNDA:0,(anonymous_5)
FNDA:0,(anonymous_6)
FNDA:0,(anonymous_7)
FNDA:0,(anonymous_8)
FNDA:0,(anonymous_9)
FNDA:0,monitorThreads
FNDA:0,(anonymous_11)
FNDA:0,(anonymous_12)
FNDA:0,(anonymous_13)
FNDA:0,(anonymous_14)
FNDA:0,(anonymous_15)
FNDA:0,(anonymous_16)
DA:9,0
DA:10,0
DA:11,0
DA:12,0
DA:13,0
DA:14,0
DA:16,0
DA:17,0
DA:18,0
DA:19,0
DA:22,0
DA:23,0
DA:24,0
DA:27,0
DA:45,0
DA:48,0
DA:49,0
DA:60,0
DA:67,0
DA:68,0
DA:70,0
DA:77,0
DA:84,0
DA:92,0
DA:93,0
DA:94,0
DA:95,0
DA:98,0
DA:99,0
DA:100,0
DA:103,0
DA:104,0
DA:117,0
DA:118,0
DA:119,0
DA:123,0
DA:124,0
DA:125,0
DA:126,0
DA:128,0
DA:138,0
DA:139,0
DA:144,0
DA:145,0
DA:146,0
DA:147,0
DA:148,0
DA:150,0
DA:152,0
DA:153,0
DA:158,0
DA:159,0
DA:160,0
DA:162,0
DA:163,0
DA:168,0
DA:175,0
DA:176,0
DA:178,0
DA:179,0
DA:184,0
DA:185,0
DA:186,0
DA:188,0
DA:189,0
DA:194,0
DA:200,0
DA:201,0
DA:203,0
DA:207,0
DA:212,0
DA:213,0
DA:214,0
DA:215,0
DA:216,0
DA:220,0
DA:221,0
DA:227,0
DA:230,0
DA:233,0
DA:238,0
DA:243,0
DA:253,0
DA:257,0
DA:262,0
DA:263,0
DA:264,0
DA:265,0
DA:267,0
DA:268,0
DA:271,0
DA:272,0
DA:276,0
DA:279,0
DA:282,0
DA:284,0
DA:289,0
DA:296,0
DA:300,0
DA:305,0
DA:306,0
DA:309,0
DA:363,0
DA:369,0
DA:370,0
DA:376,0
DA:378,0
DA:379,0
DA:382,0
DA:383,0
DA:384,0
DA:387,0
DA:388,0
DA:391,0
DA:392,0
DA:395,0
DA:396,0
DA:400,0
DA:401,0
DA:402,0
DA:403,0
DA:407,0
DA:408,0
DA:412,0
DA:415,0
DA:416,0
DA:417,0
DA:418,0
DA:424,0
DA:433,0
DA:437,0
DA:438,0
DA:442,0
DA:446,0
DA:451,0
DA:452,0
DA:455,0
DA:458,0
DA:462,0
DA:463,0
DA:464,0
DA:468,0
DA:469,0
DA:470,0
DA:481,0
DA:482,0
DA:483,0
DA:484,0
DA:487,0
DA:488,0
DA:489,0
DA:493,0
LF:152
LH:0
BRDA:23,0,0,0
BRDA:23,0,1,0
BRDA:24,1,0,0
BRDA:24,1,1,0
BRDA:28,2,0,0
BRDA:28,2,1,0
BRDA:29,3,0,0
BRDA:29,3,1,0
BRDA:30,4,0,0
BRDA:30,4,1,0
BRDA:31,5,0,0
BRDA:31,5,1,0
BRDA:32,6,0,0
BRDA:32,6,1,0
BRDA:33,7,0,0
BRDA:33,7,1,0
BRDA:34,8,0,0
BRDA:34,8,1,0
BRDA:35,9,0,0
BRDA:35,9,1,0
BRDA:36,10,0,0
BRDA:36,10,1,0
BRDA:37,11,0,0
BRDA:37,11,1,0
BRDA:41,12,0,0
BRDA:41,12,1,0
BRDA:48,13,0,0
BRDA:48,13,1,0
BRDA:61,14,0,0
BRDA:61,14,1,0
BRDA:147,15,0,0
BRDA:147,15,1,0
BRDA:162,16,0,0
BRDA:162,16,1,0
BRDA:162,17,0,0
BRDA:162,17,1,0
BRDA:171,18,0,0
BRDA:171,18,1,0
BRDA:172,19,0,0
BRDA:172,19,1,0
BRDA:188,20,0,0
BRDA:188,20,1,0
BRDA:188,21,0,0
BRDA:188,21,1,0
BRDA:215,22,0,0
BRDA:215,22,1,0
BRDA:220,23,0,0
BRDA:220,23,1,0
BRDA:267,24,0,0
BRDA:267,24,1,0
BRDA:271,25,0,0
BRDA:271,25,1,0
BRDA:282,26,0,0
BRDA:282,26,1,0
BRDA:286,27,0,0
BRDA:286,27,1,0
BRDA:383,28,0,0
BRDA:383,28,1,0
BRDA:395,29,0,0
BRDA:395,29,1,0
BRDA:400,30,0,0
BRDA:400,30,1,0
BRDA:400,31,0,0
BRDA:400,31,1,0
BRDA:407,32,0,0
BRDA:407,32,1,0
BRDA:407,33,0,0
BRDA:407,33,1,0
BRDA:415,34,0,0
BRDA:415,34,1,0
BRDA:415,35,0,0
BRDA:415,35,1,0
BRDA:433,36,0,0
BRDA:433,36,1,0
BRDA:434,37,0,0
BRDA:434,37,1,0
BRDA:451,38,0,0
BRDA:451,38,1,0
BRDA:468,39,0,0
BRDA:468,39,1,0
BRDA:481,40,0,0
BRDA:481,40,1,0
BRF:82
BRH:0
end_of_record
TN:
SF:services/thread-monitor/src/probe-generator.js
FN:11,(anonymous_0)
FN:20,(anonymous_1)
FN:49,(anonymous_2)
FN:61,(anonymous_3)
FN:119,(anonymous_4)
FN:148,(anonymous_5)
FN:158,(anonymous_6)
FN:167,(anonymous_7)
FN:182,(anonymous_8)
FN:192,(anonymous_9)
FN:198,(anonymous_10)
FN:204,(anonymous_11)
FN:215,(anonymous_12)
FN:222,(anonymous_13)
FN:229,(anonymous_14)
FNF:15
FNH:0
FNDA:0,(anonymous_0)
FNDA:0,(anonymous_1)
FNDA:0,(anonymous_2)
FNDA:0,(anonymous_3)
FNDA:0,(anonymous_4)
FNDA:0,(anonymous_5)
FNDA:0,(anonymous_6)
FNDA:0,(anonymous_7)
FNDA:0,(anonymous_8)
FNDA:0,(anonymous_9)
FNDA:0,(anonymous_10)
FNDA:0,(anonymous_11)
FNDA:0,(anonymous_12)
FNDA:0,(anonymous_13)
FNDA:0,(anonymous_14)
DA:8,0
DA:12,0
DA:13,0
DA:14,0
DA:22,0
DA:24,0
DA:26,0
DA:29,0
DA:32,0
DA:34,0
DA:41,0
DA:42,0
DA:51,0
DA:53,0
DA:55,0
DA:62,0
DA:78,0
DA:113,0
DA:120,0
DA:121,0
DA:135,0
DA:140,0
DA:141,0
DA:149,0
DA:155,0
DA:157,0
DA:158,0
DA:161,0
DA:168,0
DA:169,0
DA:179,0
DA:182,0
DA:183,0
DA:184,0
DA:188,0
DA:191,0
DA:192,0
DA:194,0
DA:197,0
DA:198,0
DA:200,0
DA:203,0
DA:204,0
DA:206,0
DA:209,0
DA:216,0
DA:217,0
DA:220,0
DA:222,0
DA:230,0
DA:245,0
DA:247,0
DA:257,0
LF:53
LH:0
BRDA:20,0,0,0
BRDA:22,1,0,0
BRDA:22,1,1,0
BRDA:53,2,0,0
BRDA:53,2,1,0
BRDA:161,3,0,0
BRDA:161,3,1,0
BRDA:183,4,0,0
BRDA:183,4,1,0
BRDA:188,5,0,0
BRDA:188,5,1,0
BRDA:188,5,2,0
BRDA:192,6,0,0
BRDA:192,6,1,0
BRDA:198,7,0,0
BRDA:198,7,1,0
BRDA:204,8,0,0
BRDA:204,8,1,0
BRDA:216,9,0,0
BRDA:216,9,1,0
BRDA:216,10,0,0
BRDA:216,10,1,0
BRDA:245,11,0,0
BRDA:245,11,1,0
BRF:24
BRH:0
end_of_record
TN:
SF:services/thread-monitor/src/scenario-detector.js
FN:9,(anonymous_0)
FN:101,(anonymous_1)
FN:180,(anonymous_2)
FN:192,(anonymous_3)
FN:205,(anonymous_4)
FN:213,(anonymous_5)
FN:218,(anonymous_6)
FN:239,(anonymous_7)
FN:246,(anonymous_8)
FN:261,(anonymous_9)
FN:268,(anonymous_10)
FN:283,(anonymous_11)
FN:292,(anonymous_12)
FN:307,(anonymous_13)
FN:323,(anonymous_14)
FN:331,(anonymous_15)
FN:344,(anonymous_16)
FN:360,(anonymous_17)
FN:381,(anonymous_18)
FN:389,(anonymous_19)
FN:393,(anonymous_20)
FN:397,(anonymous_21)
FN:401,(anonymous_22)
FN:422,(anonymous_23)
FN:425,(anonymous_24)
FN:436,(anonymous_25)
FNF:26
FNH:0
FNDA:0,(anonymous_0)
FNDA:0,(anonymous_1)
FNDA:0,(anonymous_2)
FNDA:0,(anonymous_3)
FNDA:0,(anonymous_4)
FNDA:0,(anonymous_5)
FNDA:0,(anonymous_6)
FNDA:0,(anonymous_7)
FNDA:0,(anonymous_8)
FNDA:0,(anonymous_9)
FNDA:0,(anonymous_10)
FNDA:0,(anonymous_11)
FNDA:0,(anonymous_12)
FNDA:0,(anonymous_13)
FNDA:0,(anonymous_14)
FNDA:0,(anonymous_15)
FNDA:0,(anonymous_16)
FNDA:0,(anonymous_17)
FNDA:0,(anonymous_18)
FNDA:0,(anonymous_19)
FNDA:0,(anonymous_20)
FNDA:0,(anonymous_21)
FNDA:0,(anonymous_22)
FNDA:0,(anonymous_23)
FNDA:0,(anonymous_24)
FNDA:0,(anonymous_25)
DA:10,0
DA:11,0
DA:14,0
DA:102,0
DA:105,0
DA:114,0
DA:117,0
DA:124,0
DA:125,0
DA:130,0
DA:131,0
DA:136,0
DA:137,0
DA:145,0
DA:146,0
DA:154,0
DA:155,0
DA:160,0
DA:161,0
DA:168,0
DA:174,0
DA:181,0
DA:182,0
DA:185,0
DA:186,0
DA:193,0
DA:206,0
DA:207,0
DA:210,0
DA:213,0
DA:214,0
DA:218,0
DA:219,0
DA:223,0
DA:224,0
DA:226,0
DA:227,0
DA:229,0
DA:240,0
DA:241,0
DA:244,0
DA:246,0
DA:247,0
DA:250,0
DA:252,0
DA:262,0
DA:263,0
DA:266,0
DA:268,0
DA:269,0
DA:272,0
DA:274,0
DA:284,0
DA:285,0
DA:289,0
DA:290,0
DA:292,0
DA:293,0
DA:295,0
DA:297,0
DA:308,0
DA:309,0
DA:313,0
DA:316,0
DA:318,0
DA:319,0
DA:322,0
DA:323,0
DA:324,0
DA:325,0
DA:331,0
DA:333,0
DA:345,0
DA:346,0
DA:348,0
DA:350,0
DA:361,0
DA:362,0
DA:381,0
DA:384,0
DA:386,0
DA:389,0
DA:390,0
DA:393,0
DA:394,0
DA:397,0
DA:398,0
DA:401,0
DA:402,0
DA:405,0
DA:409,0
DA:410,0
DA:422,0
DA:424,0
DA:425,0
DA:426,0
DA:428,0
DA:429,0
DA:434,0
DA:435,0
DA:436,0
DA:438,0
DA:441,0
DA:445,0
LF:104
LH:0
BRDA:124,0,0,0
BRDA:124,0,1,0
BRDA:130,1,0,0
BRDA:130,1,1,0
BRDA:136,2,0,0
BRDA:136,2,1,0
BRDA:145,3,0,0
BRDA:145,3,1,0
BRDA:150,4,0,0
BRDA:150,4,1,0
BRDA:154,5,0,0
BRDA:154,5,1,0
BRDA:154,6,0,0
BRDA:154,6,1,0
BRDA:160,7,0,0
BRDA:160,7,1,0
BRDA:181,8,0,0
BRDA:181,8,1,0
BRDA:181,9,0,0
BRDA:181,9,1,0
BRDA:186,10,0,0
BRDA:186,10,1,0
BRDA:206,11,0,0
BRDA:206,11,1,0
BRDA:226,12,0,0
BRDA:226,12,1,0
BRDA:226,12,2,0
BRDA:227,13,0,0
BRDA:227,13,1,0
BRDA:227,14,0,0
BRDA:227,14,1,0
BRDA:227,15,0,0
BRDA:227,15,1,0
BRDA:240,16,0,0
BRDA:240,16,1,0
BRDA:262,17,0,0
BRDA:262,17,1,0
BRDA:284,18,0,0
BRDA:284,18,1,0
BRDA:284,19,0,0
BRDA:284,19,1,0
BRDA:299,20,0,0
BRDA:299,20,1,0
BRDA:308,21,0,0
BRDA:308,21,1,0
BRDA:324,22,0,0
BRDA:324,22,1,0
BRDA:331,23,0,0
BRDA:331,23,1,0
BRDA:335,24,0,0
BRDA:335,24,1,0
BRDA:336,25,0,0
BRDA:336,25,1,0
BRDA:337,26,0,0
BRDA:337,26,1,0
BRDA:352,27,0,0
BRDA:352,27,1,0
BRDA:386,28,0,0
BRDA:386,28,1,0
BRDA:386,28,2,0
BRDA:386,28,3,0
BRDA:386,28,4,0
BRDA:409,29,0,0
BRDA:409,29,1,0
BRDA:424,30,0,0
BRDA:424,30,1,0
BRDA:424,31,0,0
BRDA:424,31,1,0
BRDA:428,32,0,0
BRDA:428,32,1,0
BRDA:434,33,0,0
BRDA:434,33,1,0
BRF:72
BRH:0
end_of_record
TN:
SF:services/thread-monitor/src/state-manager.js
FN:12,(anonymous_0)
FN:24,(anonymous_1)
FN:39,(anonymous_2)
FN:51,(anonymous_3)
FN:60,(anonymous_4)
FN:96,(anonymous_5)
FN:113,(anonymous_6)
FN:144,(anonymous_7)
FN:172,(anonymous_8)
FN:215,(anonymous_9)
FN:244,(anonymous_10)
FN:261,(anonymous_11)
FN:294,(anonymous_12)
FN:311,(anonymous_13)
FN:343,(anonymous_14)
FNF:15
FNH:0
FNDA:0,(anonymous_0)
FNDA:0,(anonymous_1)
FNDA:0,(anonymous_2)
FNDA:0,(anonymous_3)
FNDA:0,(anonymous_4)
FNDA:0,(anonymous_5)
FNDA:0,(anonymous_6)
FNDA:0,(anonymous_7)
FNDA:0,(anonymous_8)
FNDA:0,(anonymous_9)
FNDA:0,(anonymous_10)
FNDA:0,(anonymous_11)
FNDA:0,(anonymous_12)
FNDA:0,(anonymous_13)
FNDA:0,(anonymous_14)
DA:8,0
DA:9,0
DA:13,0
DA:14,0
DA:15,0
DA:16,0
DA:17,0
DA:18,0
DA:25,0
DA:26,0
DA:27,0
DA:28,0
DA:29,0
DA:31,0
DA:32,0
DA:41,0
DA:42,0
DA:43,0
DA:45,0
DA:52,0
DA:53,0
DA:54,0
DA:61,0
DA:63,0
DA:89,0
DA:90,0
DA:97,0
DA:99,0
DA:100,0
DA:102,0
DA:106,0
DA:115,0
DA:117,0
DA:118,0
DA:119,0
DA:121,0
DA:122,0
DA:123,0
DA:128,0
DA:130,0
DA:131,0
DA:132,0
DA:134,0
DA:135,0
DA:137,0
DA:145,0
DA:146,0
DA:147,0
DA:149,0
DA:150,0
DA:151,0
DA:152,0
DA:153,0
DA:155,0
DA:160,0
DA:162,0
DA:163,0
DA:165,0
DA:173,0
DA:175,0
DA:176,0
DA:179,0
DA:182,0
DA:183,0
DA:186,0
DA:187,0
DA:191,0
DA:192,0
DA:196,0
DA:199,0
DA:200,0
DA:204,0
DA:205,0
DA:208,0
DA:209,0
DA:216,0
DA:218,0
DA:219,0
DA:222,0
DA:224,0
DA:233,0
DA:234,0
DA:235,0
DA:237,0
DA:238,0
DA:245,0
DA:247,0
DA:248,0
DA:251,0
DA:252,0
DA:254,0
DA:255,0
DA:262,0
DA:264,0
DA:265,0
DA:268,0
DA:271,0
DA:278,0
DA:279,0
DA:281,0
DA:282,0
DA:284,0
DA:287,0
DA:288,0
DA:295,0
DA:297,0
DA:298,0
DA:301,0
DA:302,0
DA:304,0
DA:305,0
DA:312,0
DA:314,0
DA:315,0
DA:319,0
DA:320,0
DA:323,0
DA:324,0
DA:327,0
DA:328,0
DA:329,0
DA:331,0
DA:332,0
DA:336,0
DA:337,0
DA:344,0
DA:346,0
DA:354,0
DA:356,0
DA:359,0
DA:362,0
DA:365,0
DA:369,0
DA:373,0
DA:374,0
DA:377,0
DA:381,0
LF:137
LH:0
BRDA:42,0,0,0
BRDA:42,0,1,0
BRDA:42,1,0,0
BRDA:42,1,1,0
BRDA:51,2,0,0
BRDA:53,3,0,0
BRDA:53,3,1,0
BRDA:60,4,0,0
BRDA:60,5,0,0
BRDA:82,6,0,0
BRDA:82,6,1,0
BRDA:83,7,0,0
BRDA:83,7,1,0
BRDA:121,8,0,0
BRDA:121,8,1,0
BRDA:134,9,0,0
BRDA:134,9,1,0
BRDA:150,10,0,0
BRDA:150,10,1,0
BRDA:162,11,0,0
BRDA:162,11,1,0
BRDA:175,12,0,0
BRDA:175,12,1,0
BRDA:186,13,0,0
BRDA:186,13,1,0
BRDA:191,14,0,0
BRDA:191,14,1,0
BRDA:191,15,0,0
BRDA:191,15,1,0
BRDA:199,16,0,0
BRDA:199,16,1,0
BRDA:204,17,0,0
BRDA:204,17,1,0
BRDA:215,18,0,0
BRDA:218,19,0,0
BRDA:218,19,1,0
BRDA:247,20,0,0
BRDA:247,20,1,0
BRDA:264,21,0,0
BRDA:264,21,1,0
BRDA:268,22,0,0
BRDA:268,22,1,0
BRDA:297,23,0,0
BRDA:297,23,1,0
BRDA:314,24,0,0
BRDA:314,24,1,0
BRDA:331,25,0,0
BRDA:331,25,1,0
BRDA:356,26,0,0
BRDA:356,26,1,0
BRDA:362,27,0,0
BRDA:362,27,1,0
BRDA:365,28,0,0
BRDA:365,28,1,0
BRDA:366,29,0,0
BRDA:366,29,1,0
BRDA:373,30,0,0
BRDA:373,30,1,0
BRF:58
BRH:0
end_of_record
TN:
SF:services/thread-monitor/src/stp-generator.js
FN:11,(anonymous_0)
FN:21,(anonymous_1)
FN:56,(anonymous_2)
FN:67,(anonymous_3)
FN:131,(anonymous_4)
FN:160,(anonymous_5)
FN:170,(anonymous_6)
FN:177,(anonymous_7)
FN:185,(anonymous_8)
FN:193,(anonymous_9)
FN:205,(anonymous_10)
FN:215,(anonymous_11)
FN:231,(anonymous_12)
FN:232,(anonymous_13)
FN:244,(anonymous_14)
FN:253,(anonymous_15)
FN:263,(anonymous_16)
FN:266,(anonymous_17)
FN:273,(anonymous_18)
FNF:19
FNH:0
FNDA:0,(anonymous_0)
FNDA:0,(anonymous_1)
FNDA:0,(anonymous_2)
FNDA:0,(anonymous_3)
FNDA:0,(anonymous_4)
FNDA:0,(anonymous_5)
FNDA:0,(anonymous_6)
FNDA:0,(anonymous_7)
FNDA:0,(anonymous_8)
FNDA:0,(anonymous_9)
FNDA:0,(anonymous_10)
FNDA:0,(anonymous_11)
FNDA:0,(anonymous_12)
FNDA:0,(anonymous_13)
FNDA:0,(anonymous_14)
FNDA:0,(anonymous_15)
FNDA:0,(anonymous_16)
FNDA:0,(anonymous_17)
FNDA:0,(anonymous_18)
DA:8,0
DA:12,0
DA:13,0
DA:14,0
DA:15,0
DA:22,0
DA:24,0
DA:27,0
DA:30,0
DA:33,0
DA:36,0
DA:38,0
DA:46,0
DA:49,0
DA:57,0
DA:59,0
DA:67,0
DA:110,0
DA:112,0
DA:113,0
DA:115,0
DA:116,0
DA:118,0
DA:119,0
DA:121,0
DA:122,0
DA:125,0
DA:132,0
DA:133,0
DA:147,0
DA:152,0
DA:153,0
DA:161,0
DA:162,0
DA:163,0
DA:164,0
DA:166,0
DA:170,0
DA:178,0
DA:179,0
DA:186,0
DA:187,0
DA:194,0
DA:195,0
DA:205,0
DA:208,0
DA:209,0
DA:213,0
DA:215,0
DA:216,0
DA:218,0
DA:219,0
DA:221,0
DA:222,0
DA:225,0
DA:232,0
DA:234,0
DA:237,0
DA:238,0
DA:241,0
DA:244,0
DA:245,0
DA:247,0
DA:254,0
DA:255,0
DA:257,0
DA:264,0
DA:265,0
DA:266,0
DA:274,0
DA:304,0
DA:305,0
DA:307,0
DA:318,0
LF:74
LH:0
BRDA:75,0,0,0
BRDA:75,0,1,0
BRDA:78,1,0,0
BRDA:78,1,1,0
BRDA:110,2,0,0
BRDA:110,2,1,0
BRDA:110,2,2,0
BRDA:110,2,3,0
BRDA:167,3,0,0
BRDA:167,3,1,0
BRDA:168,4,0,0
BRDA:168,4,1,0
BRDA:169,5,0,0
BRDA:169,5,1,0
BRDA:170,6,0,0
BRDA:170,6,1,0
BRDA:178,7,0,0
BRDA:178,7,1,0
BRDA:179,8,0,0
BRDA:179,8,1,0
BRDA:187,9,0,0
BRDA:187,9,1,0
BRDA:208,10,0,0
BRDA:208,10,1,0
BRDA:213,11,0,0
BRDA:213,11,1,0
BRDA:213,11,2,0
BRDA:237,12,0,0
BRDA:237,12,1,0
BRDA:254,13,0,0
BRDA:254,13,1,0
BRDA:254,14,0,0
BRDA:254,14,1,0
BRDA:304,15,0,0
BRDA:304,15,1,0
BRF:35
BRH:0
end_of_record
